ะะฐะทะฐ ะดะฐะฝะฝัั ะฟะพะดะบะปััะตะฝะฐ
๐ ะกะปะตะดัััะตะต ะฝะฐัะธัะปะตะฝะธะต ะปะธะผะธัะพะฒ ัะตัะตะท 8 ั. 53 ะผะธะฝ. (25.04.2025, 01:05:00)
๐ Bottleneck: Event triggered: received from 7606207943
๐ ะัะตัะตะดั ัะตะนัะฐั: 0
๐ ะัะตัะตะดั ะฒะฝัััะธ schedule: 0 | ะัะฟะพะปะฝัะตััั: 0
๐ ะัะฟะพะปะฝัะตััั ะพัะฟัะฐะฒะบะฐ ะดะปั 7606207943
๐ Bottleneck: Event triggered: received from 7606207943
๐ ะัะตัะตะดั ัะตะนัะฐั: 0
๐ ะัะตัะตะดั ะฒะฝัััะธ schedule: 0 | ะัะฟะพะปะฝัะตััั: 0
๐ ะัะฟะพะปะฝัะตััั ะพัะฟัะฐะฒะบะฐ ะดะปั 7606207943
๐ Bottleneck: Event triggered: received from 7606207943
๐ ะัะตัะตะดั ัะตะนัะฐั: 0
๐ ะัะตัะตะดั ะฒะฝัััะธ schedule: 0 | ะัะฟะพะปะฝัะตััั: 0
๐ ะัะฟะพะปะฝัะตััั ะพัะฟัะฐะฒะบะฐ ะดะปั 7606207943
๐ Bottleneck: Event triggered: received from 7606207943
๐ ะัะตัะตะดั ัะตะนัะฐั: 0
๐ ะัะตัะตะดั ะฒะฝัััะธ schedule: 0 | ะัะฟะพะปะฝัะตััั: 0
๐ ะัะฟะพะปะฝัะตััั ะพัะฟัะฐะฒะบะฐ ะดะปั 7606207943
๐ Bottleneck: Event triggered: received from 7606207943
๐ ะัะตัะตะดั ัะตะนัะฐั: 0
๐ ะัะตัะตะดั ะฒะฝัััะธ schedule: 0 | ะัะฟะพะปะฝัะตััั: 0
๐ ะัะฟะพะปะฝัะตััั ะพัะฟัะฐะฒะบะฐ ะดะปั 7606207943
๐ Bottleneck: Event triggered: received from 7606207943
๐ ะัะตัะตะดั ัะตะนัะฐั: 0
๐ ะัะตัะตะดั ะฒะฝัััะธ schedule: 0 | ะัะฟะพะปะฝัะตััั: 0
๐ ะัะฟะพะปะฝัะตััั ะพัะฟัะฐะฒะบะฐ ะดะปั 7606207943
๐ Bottleneck: Event triggered: received from 7606207943
๐ ะัะตัะตะดั ัะตะนัะฐั: 0
๐ ะัะตัะตะดั ะฒะฝัััะธ schedule: 0 | ะัะฟะพะปะฝัะตััั: 0
๐ ะัะฟะพะปะฝัะตััั ะพัะฟัะฐะฒะบะฐ ะดะปั 7606207943
ะะฐะณััะถะตะฝะพ 200 ะฐัะดะธะพัะฐะนะปะพะฒ ะะพััะตั
๐ Bottleneck: Event triggered: received from 7606207943
๐ ะัะตัะตะดั ัะตะนัะฐั: 0
๐ ะัะตัะตะดั ะฒะฝัััะธ schedule: 0 | ะัะฟะพะปะฝัะตััั: 0
๐ ะัะฟะพะปะฝัะตััั ะพัะฟัะฐะฒะบะฐ ะดะปั 7606207943
๐ Bottleneck: Event triggered: received from 7606207943
๐ ะัะตัะตะดั ัะตะนัะฐั: 0
๐ ะัะตัะตะดั ะฒะฝัััะธ schedule: 0 | ะัะฟะพะปะฝัะตััั: 0
๐ ะัะฟะพะปะฝัะตััั ะพัะฟัะฐะฒะบะฐ ะดะปั 7606207943
๐ Bottleneck: Event triggered: received from 7606207943
๐ ะัะตัะตะดั ัะตะนัะฐั: 0
๐ ะัะตัะตะดั ะฒะฝัััะธ schedule: 0 | ะัะฟะพะปะฝัะตััั: 0
๐ ะัะฟะพะปะฝัะตััั ะพัะฟัะฐะฒะบะฐ ะดะปั 7606207943
๐ ะะพะทะฒัะฐัะตะฝะธะต ะฟะพะปัะทะพะฒะฐัะตะปั: Vlad, ID: 7606207943
๐ Bottleneck: Event triggered: received from 7606207943
๐ ะัะตัะตะดั ัะตะนัะฐั: 0
๐ ะัะตัะตะดั ะฒะฝัััะธ schedule: 0 | ะัะฟะพะปะฝัะตััั: 0
๐ ะัะฟะพะปะฝัะตััั ะพัะฟัะฐะฒะบะฐ ะดะปั 7606207943
๐ Bottleneck: Event triggered: received from 7606207943
๐ ะัะตัะตะดั ัะตะนัะฐั: 0
๐ ะัะตัะตะดั ะฒะฝัััะธ schedule: 0 | ะัะฟะพะปะฝัะตััั: 0
๐ ะัะฟะพะปะฝัะตััั ะพัะฟัะฐะฒะบะฐ ะดะปั 7606207943
๐ Bottleneck: Event triggered: received from 7606207943
๐ ะัะตัะตะดั ัะตะนัะฐั: 0
๐ ะัะตัะตะดั ะฒะฝัััะธ schedule: 0 | ะัะฟะพะปะฝัะตััั: 0
๐ ะัะฟะพะปะฝัะตััั ะพัะฟัะฐะฒะบะฐ ะดะปั 7606207943
first_name: Vlad, userName: irobot_01, word: ะะฒัะพ, date: 24.04.2025 16:15:04
๐ Bottleneck: Event triggered: received from 7606207943
๐ ะัะตัะตะดั ัะตะนัะฐั: 0
๐ ะัะตัะตะดั ะฒะฝัััะธ schedule: 0 | ะัะฟะพะปะฝัะตััั: 0
๐ ะัะฟะพะปะฝัะตััั ะพัะฟัะฐะฒะบะฐ ะดะปั 7606207943
๐ Bottleneck: Event triggered: received from 7606207943
๐ ะัะตัะตะดั ัะตะนัะฐั: 0
๐ ะัะตัะตะดั ะฒะฝัััะธ schedule: 0 | ะัะฟะพะปะฝัะตััั: 0
๐ ะัะฟะพะปะฝัะตััั ะพัะฟัะฐะฒะบะฐ ะดะปั 7606207943
๐ Bottleneck: Event triggered: received from 7606207943
๐ ะัะตัะตะดั ัะตะนัะฐั: 0
๐ ะัะตัะตะดั ะฒะฝัััะธ schedule: 0 | ะัะฟะพะปะฝัะตััั: 0
๐ ะัะฟะพะปะฝัะตััั ะพัะฟัะฐะฒะบะฐ ะดะปั 7606207943
๐ Bottleneck: Event triggered: received from 7606207943
๐ ะัะตัะตะดั ัะตะนัะฐั: 0
๐ ะัะตัะตะดั ะฒะฝัััะธ schedule: 0 | ะัะฟะพะปะฝัะตััั: 0
๐ ะัะฟะพะปะฝัะตััั ะพัะฟัะฐะฒะบะฐ ะดะปั 7606207943
๐ Bottleneck: Event triggered: received from 7606207943
๐ ะัะตัะตะดั ัะตะนัะฐั: 0
๐ ะัะตัะตะดั ะฒะฝัััะธ schedule: 0 | ะัะฟะพะปะฝัะตััั: 0
๐ ะัะฟะพะปะฝัะตััั ะพัะฟัะฐะฒะบะฐ ะดะปั 7606207943
first_name: Vlad, userName: irobot_01, word: ะะพะฝ, date: 24.04.2025 16:15:41
๐ Bottleneck: Event triggered: received from 7606207943
๐ ะัะตัะตะดั ัะตะนัะฐั: 0
๐ ะัะตัะตะดั ะฒะฝัััะธ schedule: 0 | ะัะฟะพะปะฝัะตััั: 0
๐ ะัะฟะพะปะฝัะตััั ะพัะฟัะฐะฒะบะฐ ะดะปั 7606207943
๐ Bottleneck: Event triggered: received from 7606207943
๐ ะัะตัะตะดั ัะตะนัะฐั: 0
๐ ะัะตัะตะดั ะฒะฝัััะธ schedule: 0 | ะัะฟะพะปะฝัะตััั: 0
๐ ะัะฟะพะปะฝัะตััั ะพัะฟัะฐะฒะบะฐ ะดะปั 7606207943
๐ Bottleneck: Event triggered: received from 7606207943
๐ ะัะตัะตะดั ัะตะนัะฐั: 0
๐ ะัะตัะตะดั ะฒะฝัััะธ schedule: 0 | ะัะฟะพะปะฝัะตััั: 0
๐ ะัะฟะพะปะฝัะตััั ะพัะฟัะฐะฒะบะฐ ะดะปั 7606207943
๐ Bottleneck: Event triggered: received from 7606207943
๐ ะัะตัะตะดั ัะตะนัะฐั: 0
๐ ะัะตัะตะดั ะฒะฝัััะธ schedule: 0 | ะัะฟะพะปะฝัะตััั: 0
๐ ะัะฟะพะปะฝัะตััั ะพัะฟัะฐะฒะบะฐ ะดะปั 7606207943
๐ Bottleneck: Event triggered: received from 7606207943
๐ ะัะตัะตะดั ัะตะนัะฐั: 0
๐ ะัะตัะตะดั ะฒะฝัััะธ schedule: 0 | ะัะฟะพะปะฝัะตััั: 0
๐ ะัะฟะพะปะฝัะตััั ะพัะฟัะฐะฒะบะฐ ะดะปั 7606207943
๐ ะะพะทะฒัะฐัะตะฝะธะต ะฟะพะปัะทะพะฒะฐัะตะปั: Vlad, ID: 7606207943
๐ Bottleneck: Event triggered: received from 7606207943
๐ ะัะตัะตะดั ัะตะนัะฐั: 0
๐ ะัะตัะตะดั ะฒะฝัััะธ schedule: 0 | ะัะฟะพะปะฝัะตััั: 0
๐ ะัะฟะพะปะฝัะตััั ะพัะฟัะฐะฒะบะฐ ะดะปั 7606207943
๐ Bottleneck: Event triggered: received from 7606207943
๐ ะัะตัะตะดั ัะตะนัะฐั: 0
๐ ะัะตัะตะดั ะฒะฝัััะธ schedule: 0 | ะัะฟะพะปะฝัะตััั: 0
๐ ะัะฟะพะปะฝัะตััั ะพัะฟัะฐะฒะบะฐ ะดะปั 7606207943
๐ Bottleneck: Event triggered: received from 7606207943
๐ ะัะตัะตะดั ัะตะนัะฐั: 0
๐ ะัะตัะตะดั ะฒะฝัััะธ schedule: 0 | ะัะฟะพะปะฝัะตััั: 0
๐ ะัะฟะพะปะฝัะตััั ะพัะฟัะฐะฒะบะฐ ะดะปั 7606207943
first_name: Vlad, userName: irobot_01, word: ะกะปะพะฝ, date: 24.04.2025 17:05:41
๐ Bottleneck: Event triggered: received from 7606207943
๐ ะัะตัะตะดั ัะตะนัะฐั: 0
๐ ะัะตัะตะดั ะฒะฝัััะธ schedule: 0 | ะัะฟะพะปะฝัะตััั: 0
๐ ะัะฟะพะปะฝัะตััั ะพัะฟัะฐะฒะบะฐ ะดะปั 7606207943
first_name: Vlad, userName: irobot_01, word: ะะพัะพะฒะฐ, date: 24.04.2025 17:05:45
๐ Bottleneck: Event triggered: received from 7606207943
๐ ะัะตัะตะดั ัะตะนัะฐั: 0
๐ ะัะตัะตะดั ะฒะฝัััะธ schedule: 0 | ะัะฟะพะปะฝัะตััั: 0
๐ ะัะฟะพะปะฝัะตััั ะพัะฟัะฐะฒะบะฐ ะดะปั 7606207943
๐ Bottleneck: Event triggered: received from 7606207943
๐ ะัะตัะตะดั ัะตะนัะฐั: 0
๐ ะัะตัะตะดั ะฒะฝัััะธ schedule: 0 | ะัะฟะพะปะฝัะตััั: 0
๐ ะัะฟะพะปะฝัะตััั ะพัะฟัะฐะฒะบะฐ ะดะปั 7606207943
๐ Bottleneck: Event triggered: received from 7606207943
๐ ะัะตัะตะดั ัะตะนัะฐั: 0
๐ ะัะตัะตะดั ะฒะฝัััะธ schedule: 0 | ะัะฟะพะปะฝัะตััั: 0
๐ ะัะฟะพะปะฝัะตััั ะพัะฟัะฐะฒะบะฐ ะดะปั 7606207943
๐ Bottleneck: Event triggered: received from 7606207943
๐ ะัะตัะตะดั ัะตะนัะฐั: 0
๐ ะัะตัะตะดั ะฒะฝัััะธ schedule: 0 | ะัะฟะพะปะฝัะตััั: 0
๐ ะัะฟะพะปะฝัะตััั ะพัะฟัะฐะฒะบะฐ ะดะปั 7606207943
first_name: Vlad, userName: irobot_01, word: ะะพะฒ, date: 24.04.2025 17:06:43
๐ Bottleneck: Event triggered: received from 7606207943
๐ ะัะตัะตะดั ัะตะนัะฐั: 0
๐ ะัะตัะตะดั ะฒะฝัััะธ schedule: 0 | ะัะฟะพะปะฝัะตััั: 0
๐ ะัะฟะพะปะฝัะตััั ะพัะฟัะฐะฒะบะฐ ะดะปั 7606207943
first_name: Vlad, userName: irobot_01, word: ะฏะผะฐ, date: 24.04.2025 17:07:03
๐ Bottleneck: Event triggered: received from 7606207943
๐ ะัะตัะตะดั ัะตะนัะฐั: 0
๐ ะัะตัะตะดั ะฒะฝัััะธ schedule: 0 | ะัะฟะพะปะฝัะตััั: 0
๐ ะัะฟะพะปะฝัะตััั ะพัะฟัะฐะฒะบะฐ ะดะปั 7606207943
๐ Bottleneck: Event triggered: received from 7606207943
๐ ะัะตัะตะดั ัะตะนัะฐั: 0
๐ ะัะตัะตะดั ะฒะฝัััะธ schedule: 0 | ะัะฟะพะปะฝัะตััั: 0
๐ ะัะฟะพะปะฝัะตััั ะพัะฟัะฐะฒะบะฐ ะดะปั 7606207943
first_name: Vlad, userName: irobot_01, word: ะะฐะผะฟะธั, date: 24.04.2025 17:07:10
๐ Bottleneck: Event triggered: received from 7606207943
๐ ะัะตัะตะดั ัะตะนัะฐั: 0
๐ ะัะตัะตะดั ะฒะฝัััะธ schedule: 0 | ะัะฟะพะปะฝัะตััั: 0
๐ ะัะฟะพะปะฝัะตััั ะพัะฟัะฐะฒะบะฐ ะดะปั 7606207943
๐ Bottleneck: Event triggered: received from 7606207943
๐ ะัะตัะตะดั ัะตะนัะฐั: 0
๐ ะัะตัะตะดั ะฒะฝัััะธ schedule: 0 | ะัะฟะพะปะฝัะตััั: 0
๐ ะัะฟะพะปะฝัะตััั ะพัะฟัะฐะฒะบะฐ ะดะปั 7606207943
first_name: Vlad, userName: irobot_01, word: ะะพะปะต, date: 24.04.2025 17:07:25
๐ Bottleneck: Event triggered: received from 7606207943
๐ ะัะตัะตะดั ัะตะนัะฐั: 0
๐ ะัะตัะตะดั ะฒะฝัััะธ schedule: 0 | ะัะฟะพะปะฝัะตััั: 0
๐ ะัะฟะพะปะฝัะตััั ะพัะฟัะฐะฒะบะฐ ะดะปั 7606207943
๐ Bottleneck: Event triggered: received from 7606207943
๐ ะัะตัะตะดั ัะตะนัะฐั: 0
๐ ะัะตัะตะดั ะฒะฝัััะธ schedule: 0 | ะัะฟะพะปะฝัะตััั: 0
๐ ะัะฟะพะปะฝัะตััั ะพัะฟัะฐะฒะบะฐ ะดะปั 7606207943
first_name: Vlad, userName: irobot_01, word: ะะพะปะต, date: 24.04.2025 17:07:28
๐ Bottleneck: Event triggered: received from 7606207943
๐ ะัะตัะตะดั ัะตะนัะฐั: 0
๐ ะัะตัะตะดั ะฒะฝัััะธ schedule: 0 | ะัะฟะพะปะฝัะตััั: 0
๐ ะัะฟะพะปะฝัะตััั ะพัะฟัะฐะฒะบะฐ ะดะปั 7606207943
first_name: Vlad, userName: irobot_01, word: ะะพะปะต, date: 24.04.2025 17:07:31
๐ Bottleneck: Event triggered: received from 7606207943
๐ ะัะตัะตะดั ัะตะนัะฐั: 0
๐ ะัะตัะตะดั ะฒะฝัััะธ schedule: 0 | ะัะฟะพะปะฝัะตััั: 0
๐ ะัะฟะพะปะฝัะตััั ะพัะฟัะฐะฒะบะฐ ะดะปั 7606207943
๐ Bottleneck: Event triggered: received from 7606207943
๐ ะัะตัะตะดั ัะตะนัะฐั: 0
๐ ะัะตัะตะดั ะฒะฝัััะธ schedule: 0 | ะัะฟะพะปะฝัะตััั: 0
๐ ะัะฟะพะปะฝัะตััั ะพัะฟัะฐะฒะบะฐ ะดะปั 7606207943
๐ Bottleneck: Event triggered: received from 7606207943
๐ ะัะตัะตะดั ัะตะนัะฐั: 0
๐ ะัะตัะตะดั ะฒะฝัััะธ schedule: 0 | ะัะฟะพะปะฝัะตััั: 0
๐ ะัะฟะพะปะฝัะตััั ะพัะฟัะฐะฒะบะฐ ะดะปั 7606207943
๐ Bottleneck: Event triggered: received from 7606207943
๐ ะัะตัะตะดั ัะตะนัะฐั: 0
๐ ะัะตัะตะดั ะฒะฝัััะธ schedule: 0 | ะัะฟะพะปะฝัะตััั: 0
๐ ะัะฟะพะปะฝัะตััั ะพัะฟัะฐะฒะบะฐ ะดะปั 7606207943
๐ Bottleneck: Event triggered: received from 7606207943
๐ ะัะตัะตะดั ัะตะนัะฐั: 0
๐ ะัะตัะตะดั ะฒะฝัััะธ schedule: 0 | ะัะฟะพะปะฝัะตััั: 0
๐ ะัะฟะพะปะฝัะตััั ะพัะฟัะฐะฒะบะฐ ะดะปั 7606207943
๐ Bottleneck: Event triggered: received from 7606207943
๐ ะัะตัะตะดั ัะตะนัะฐั: 0
๐ ะัะตัะตะดั ะฒะฝัััะธ schedule: 0 | ะัะฟะพะปะฝัะตััั: 0
๐ ะัะฟะพะปะฝัะตััั ะพัะฟัะฐะฒะบะฐ ะดะปั 7606207943
๐ Bottleneck: Event triggered: received from 7606207943
๐ ะัะตัะตะดั ัะตะนัะฐั: 0
๐ ะัะตัะตะดั ะฒะฝัััะธ schedule: 0 | ะัะฟะพะปะฝัะตััั: 0
๐ ะัะฟะพะปะฝัะตััั ะพัะฟัะฐะฒะบะฐ ะดะปั 7606207943
๐ Bottleneck: Event triggered: received from 7606207943
๐ ะัะตัะตะดั ัะตะนัะฐั: 0
๐ ะัะตัะตะดั ะฒะฝัััะธ schedule: 0 | ะัะฟะพะปะฝัะตััั: 0
๐ ะัะฟะพะปะฝัะตััั ะพัะฟัะฐะฒะบะฐ ะดะปั 7606207943
๐ Bottleneck: Event triggered: received from 7606207943
๐ ะัะตัะตะดั ัะตะนัะฐั: 0
๐ ะัะตัะตะดั ะฒะฝัััะธ schedule: 0 | ะัะฟะพะปะฝัะตััั: 0
๐ ะัะฟะพะปะฝัะตััั ะพัะฟัะฐะฒะบะฐ ะดะปั 7606207943
๐ ะะพะทะฒัะฐัะตะฝะธะต ะฟะพะปัะทะพะฒะฐัะตะปั: Vlad, ID: 7606207943
๐ Bottleneck: Event triggered: received from 7606207943
๐ ะัะตัะตะดั ัะตะนัะฐั: 0
๐ ะัะตัะตะดั ะฒะฝัััะธ schedule: 0 | ะัะฟะพะปะฝัะตััั: 0
๐ ะัะฟะพะปะฝัะตััั ะพัะฟัะฐะฒะบะฐ ะดะปั 7606207943
๐ Bottleneck: Event triggered: received from 7606207943
๐ ะัะตัะตะดั ัะตะนัะฐั: 0
๐ ะัะตัะตะดั ะฒะฝัััะธ schedule: 0 | ะัะฟะพะปะฝัะตััั: 0
๐ ะัะฟะพะปะฝัะตััั ะพัะฟัะฐะฒะบะฐ ะดะปั 7606207943
๐ Bottleneck: Event triggered: received from 7606207943
๐ ะัะตัะตะดั ัะตะนัะฐั: 0
๐ ะัะตัะตะดั ะฒะฝัััะธ schedule: 0 | ะัะฟะพะปะฝัะตััั: 0
๐ ะัะฟะพะปะฝัะตััั ะพัะฟัะฐะฒะบะฐ ะดะปั 7606207943
๐ Bottleneck: Event triggered: received from 7606207943
๐ ะัะตัะตะดั ัะตะนัะฐั: 0
๐ ะัะตัะตะดั ะฒะฝัััะธ schedule: 0 | ะัะฟะพะปะฝัะตััั: 0
๐ ะัะฟะพะปะฝัะตััั ะพัะฟัะฐะฒะบะฐ ะดะปั 7606207943
๐ Bottleneck: Event triggered: received from 7606207943
๐ ะัะตัะตะดั ัะตะนัะฐั: 0
๐ ะัะตัะตะดั ะฒะฝัััะธ schedule: 0 | ะัะฟะพะปะฝัะตััั: 0
๐ ะัะฟะพะปะฝัะตััั ะพัะฟัะฐะฒะบะฐ ะดะปั 7606207943
๐ Bottleneck: Event triggered: received from 7606207943
๐ ะัะตัะตะดั ัะตะนัะฐั: 0
๐ ะัะตัะตะดั ะฒะฝัััะธ schedule: 0 | ะัะฟะพะปะฝัะตััั: 0
๐ ะัะฟะพะปะฝัะตััั ะพัะฟัะฐะฒะบะฐ ะดะปั 7606207943
๐ Bottleneck: Event triggered: received from 7606207943
๐ ะัะตัะตะดั ัะตะนัะฐั: 0
๐ ะัะตัะตะดั ะฒะฝัััะธ schedule: 0 | ะัะฟะพะปะฝัะตััั: 0
๐ ะัะฟะพะปะฝัะตััั ะพัะฟัะฐะฒะบะฐ ะดะปั 7606207943
๐ Bottleneck: Event triggered: received from 7606207943
๐ ะัะตัะตะดั ัะตะนัะฐั: 0
๐ ะัะตัะตะดั ะฒะฝัััะธ schedule: 0 | ะัะฟะพะปะฝัะตััั: 0
๐ ะัะฟะพะปะฝัะตััั ะพัะฟัะฐะฒะบะฐ ะดะปั 7606207943
๐ Bottleneck: Event triggered: received from 7606207943
๐ ะัะตัะตะดั ัะตะนัะฐั: 0
๐ ะัะตัะตะดั ะฒะฝัััะธ schedule: 0 | ะัะฟะพะปะฝัะตััั: 0
๐ ะัะฟะพะปะฝัะตััั ะพัะฟัะฐะฒะบะฐ ะดะปั 7606207943
๐ Bottleneck: Event triggered: received from 7606207943
๐ ะัะตัะตะดั ัะตะนัะฐั: 0
๐ ะัะตัะตะดั ะฒะฝัััะธ schedule: 0 | ะัะฟะพะปะฝัะตััั: 0
๐ ะัะฟะพะปะฝัะตััั ะพัะฟัะฐะฒะบะฐ ะดะปั 7606207943
๐ Bottleneck: Event triggered: received from 7606207943
๐ ะัะตัะตะดั ัะตะนัะฐั: 0
๐ ะัะตัะตะดั ะฒะฝัััะธ schedule: 0 | ะัะฟะพะปะฝัะตััั: 0
๐ ะัะฟะพะปะฝัะตััั ะพัะฟัะฐะฒะบะฐ ะดะปั 7606207943
๐ Bottleneck: Event triggered: received from 7606207943
๐ ะัะตัะตะดั ัะตะนัะฐั: 0
๐ ะัะตัะตะดั ะฒะฝัััะธ schedule: 0 | ะัะฟะพะปะฝัะตััั: 0
๐ ะัะฟะพะปะฝัะตััั ะพัะฟัะฐะฒะบะฐ ะดะปั 7606207943
๐ Bottleneck: Event triggered: received from 7606207943
๐ ะัะตัะตะดั ัะตะนัะฐั: 0
๐ ะัะตัะตะดั ะฒะฝัััะธ schedule: 0 | ะัะฟะพะปะฝัะตััั: 0
๐ ะัะฟะพะปะฝัะตััั ะพัะฟัะฐะฒะบะฐ ะดะปั 7606207943
๐ Bottleneck: Event triggered: received from 7606207943
๐ ะัะตัะตะดั ัะตะนัะฐั: 0
๐ ะัะตัะตะดั ะฒะฝัััะธ schedule: 0 | ะัะฟะพะปะฝัะตััั: 0
๐ ะัะฟะพะปะฝัะตััั ะพัะฟัะฐะฒะบะฐ ะดะปั 7606207943
๐ Bottleneck: Event triggered: received from 7606207943
๐ ะัะตัะตะดั ัะตะนัะฐั: 0
๐ ะัะตัะตะดั ะฒะฝัััะธ schedule: 0 | ะัะฟะพะปะฝัะตััั: 0
๐ ะัะฟะพะปะฝัะตััั ะพัะฟัะฐะฒะบะฐ ะดะปั 7606207943
first_name: Vlad, userName: irobot_01, word: ะกะพะฒะฐ, date: 24.04.2025 17:13:31
๐ Bottleneck: Event triggered: received from 7606207943
๐ ะัะตัะตะดั ัะตะนัะฐั: 0
๐ ะัะตัะตะดั ะฒะฝัััะธ schedule: 0 | ะัะฟะพะปะฝัะตััั: 0
๐ ะัะฟะพะปะฝัะตััั ะพัะฟัะฐะฒะบะฐ ะดะปั 7606207943
first_name: Vlad, userName: irobot_01, word: ะคะธะปะธะฝ, date: 24.04.2025 17:13:35
๐ Bottleneck: Event triggered: received from 7606207943
๐ ะัะตัะตะดั ัะตะนัะฐั: 0
๐ ะัะตัะตะดั ะฒะฝัััะธ schedule: 0 | ะัะฟะพะปะฝัะตััั: 0
๐ ะัะฟะพะปะฝัะตััั ะพัะฟัะฐะฒะบะฐ ะดะปั 7606207943
๐ Bottleneck: Event triggered: received from 7606207943
๐ ะัะตัะตะดั ัะตะนัะฐั: 0
๐ ะัะตัะตะดั ะฒะฝัััะธ schedule: 0 | ะัะฟะพะปะฝัะตััั: 0
๐ ะัะฟะพะปะฝัะตััั ะพัะฟัะฐะฒะบะฐ ะดะปั 7606207943
๐ Bottleneck: Event triggered: received from 7606207943
๐ ะัะตัะตะดั ัะตะนัะฐั: 0
๐ ะัะตัะตะดั ะฒะฝัััะธ schedule: 0 | ะัะฟะพะปะฝัะตััั: 0
๐ ะัะฟะพะปะฝัะตััั ะพัะฟัะฐะฒะบะฐ ะดะปั 7606207943
๐ Bottleneck: Event triggered: received from 7606207943
๐ ะัะตัะตะดั ัะตะนัะฐั: 0
๐ ะัะตัะตะดั ะฒะฝัััะธ schedule: 0 | ะัะฟะพะปะฝัะตััั: 0
๐ ะัะฟะพะปะฝัะตััั ะพัะฟัะฐะฒะบะฐ ะดะปั 7606207943
๐ Bottleneck: Event triggered: received from 7606207943
๐ ะัะตัะตะดั ัะตะนัะฐั: 0
๐ ะัะตัะตะดั ะฒะฝัััะธ schedule: 0 | ะัะฟะพะปะฝัะตััั: 0
๐ ะัะฟะพะปะฝัะตััั ะพัะฟัะฐะฒะบะฐ ะดะปั 7606207943
๐ Bottleneck: Event triggered: received from 7606207943
๐ ะัะตัะตะดั ัะตะนัะฐั: 0
๐ ะัะตัะตะดั ะฒะฝัััะธ schedule: 0 | ะัะฟะพะปะฝัะตััั: 0
๐ ะัะฟะพะปะฝัะตััั ะพัะฟัะฐะฒะบะฐ ะดะปั 7606207943
๐ Bottleneck: Event triggered: received from 7606207943
๐ ะัะตัะตะดั ัะตะนัะฐั: 0
๐ ะัะตัะตะดั ะฒะฝัััะธ schedule: 0 | ะัะฟะพะปะฝัะตััั: 0
๐ ะัะฟะพะปะฝัะตััั ะพัะฟัะฐะฒะบะฐ ะดะปั 7606207943
๐ Bottleneck: Event triggered: received from 5036363594
๐ ะัะตัะตะดั ัะตะนัะฐั: 0
๐ ะัะตัะตะดั ะฒะฝัััะธ schedule: 0 | ะัะฟะพะปะฝัะตััั: 0
๐ ะัะฟะพะปะฝัะตััั ะพัะฟัะฐะฒะบะฐ ะดะปั 5036363594
๐ Bottleneck: Event triggered: received from 5036363594
๐ ะัะตัะตะดั ัะตะนัะฐั: 0
๐ ะัะตัะตะดั ะฒะฝัััะธ schedule: 0 | ะัะฟะพะปะฝัะตััั: 0
๐ ะัะฟะพะปะฝัะตััั ะพัะฟัะฐะฒะบะฐ ะดะปั 5036363594
๐ Bottleneck: Event triggered: received from 5036363594
๐ ะัะตัะตะดั ัะตะนัะฐั: 0
๐ ะัะตัะตะดั ะฒะฝัััะธ schedule: 0 | ะัะฟะพะปะฝัะตััั: 0
๐ ะัะฟะพะปะฝัะตััั ะพัะฟัะฐะฒะบะฐ ะดะปั 5036363594
๐ Bottleneck: Event triggered: received from 5036363594
๐ ะัะตัะตะดั ัะตะนัะฐั: 0
๐ ะัะตัะตะดั ะฒะฝัััะธ schedule: 0 | ะัะฟะพะปะฝัะตััั: 0
๐ ะัะฟะพะปะฝัะตััั ะพัะฟัะฐะฒะบะฐ ะดะปั 5036363594
๐ Bottleneck: Event triggered: received from 5036363594
๐ ะัะตัะตะดั ัะตะนัะฐั: 0
๐ ะัะตัะตะดั ะฒะฝัััะธ schedule: 0 | ะัะฟะพะปะฝัะตััั: 0
๐ ะัะฟะพะปะฝัะตััั ะพัะฟัะฐะฒะบะฐ ะดะปั 5036363594
๐ Bottleneck: Event triggered: received from 5036363594
๐ ะัะตัะตะดั ัะตะนัะฐั: 0
๐ ะัะตัะตะดั ะฒะฝัััะธ schedule: 0 | ะัะฟะพะปะฝัะตััั: 0
๐ ะัะฟะพะปะฝัะตััั ะพัะฟัะฐะฒะบะฐ ะดะปั 5036363594
๐ Bottleneck: Event triggered: received from 5036363594
๐ ะัะตัะตะดั ัะตะนัะฐั: 0
๐ ะัะตัะตะดั ะฒะฝัััะธ schedule: 0 | ะัะฟะพะปะฝัะตััั: 0
๐ ะัะฟะพะปะฝัะตััั ะพัะฟัะฐะฒะบะฐ ะดะปั 5036363594
๐ Bottleneck: Event triggered: received from 5036363594
๐ ะัะตัะตะดั ัะตะนัะฐั: 0
๐ ะัะตัะตะดั ะฒะฝัััะธ schedule: 0 | ะัะฟะพะปะฝัะตััั: 0
๐ ะัะฟะพะปะฝัะตััั ะพัะฟัะฐะฒะบะฐ ะดะปั 5036363594
๐ Bottleneck: Event triggered: received from 5036363594
๐ ะัะตัะตะดั ัะตะนัะฐั: 0
๐ ะัะตัะตะดั ะฒะฝัััะธ schedule: 0 | ะัะฟะพะปะฝัะตััั: 0
๐ ะัะฟะพะปะฝัะตััั ะพัะฟัะฐะฒะบะฐ ะดะปั 5036363594
๐ Bottleneck: Event triggered: received from 5036363594
๐ ะัะตัะตะดั ัะตะนัะฐั: 0
๐ ะัะตัะตะดั ะฒะฝัััะธ schedule: 0 | ะัะฟะพะปะฝัะตััั: 0
๐ ะัะฟะพะปะฝัะตััั ะพัะฟัะฐะฒะบะฐ ะดะปั 5036363594
๐ Bottleneck: Event triggered: received from 5036363594
๐ ะัะตัะตะดั ัะตะนัะฐั: 0
๐ ะัะตัะตะดั ะฒะฝัััะธ schedule: 0 | ะัะฟะพะปะฝัะตััั: 0
๐ ะัะฟะพะปะฝัะตััั ะพัะฟัะฐะฒะบะฐ ะดะปั 5036363594
๐ Bottleneck: Event triggered: received from 5036363594
๐ ะัะตัะตะดั ัะตะนัะฐั: 0
๐ ะัะตัะตะดั ะฒะฝัััะธ schedule: 0 | ะัะฟะพะปะฝัะตััั: 0
๐ ะัะฟะพะปะฝัะตััั ะพัะฟัะฐะฒะบะฐ ะดะปั 5036363594
๐ Bottleneck: Event triggered: received from 5036363594
๐ ะัะตัะตะดั ัะตะนัะฐั: 0
๐ ะัะตัะตะดั ะฒะฝัััะธ schedule: 0 | ะัะฟะพะปะฝัะตััั: 0
๐ ะัะฟะพะปะฝัะตััั ะพัะฟัะฐะฒะบะฐ ะดะปั 5036363594
๐ Bottleneck: Event triggered: received from 5036363594
๐ ะัะตัะตะดั ัะตะนัะฐั: 0
๐ ะัะตัะตะดั ะฒะฝัััะธ schedule: 0 | ะัะฟะพะปะฝัะตััั: 0
๐ ะัะฟะพะปะฝัะตััั ะพัะฟัะฐะฒะบะฐ ะดะปั 5036363594
๐ Bottleneck: Event triggered: received from 5036363594
๐ ะัะตัะตะดั ัะตะนัะฐั: 0
๐ ะัะตัะตะดั ะฒะฝัััะธ schedule: 0 | ะัะฟะพะปะฝัะตััั: 0
๐ ะัะฟะพะปะฝัะตััั ะพัะฟัะฐะฒะบะฐ ะดะปั 5036363594
ะะพั ะทะฐะฟััะตะฝ
ะะฐะทะฐ ะดะฐะฝะฝัั ะฟะพะดะบะปััะตะฝะฐ
๐ ะกะปะตะดัััะตะต ะฝะฐัะธัะปะตะฝะธะต ะปะธะผะธัะพะฒ ัะตัะตะท 6 ั. 18 ะผะธะฝ. (25.04.2025, 01:05:00)
๐ Bottleneck: Event triggered: received from 7606207943
๐ ะัะตัะตะดั ัะตะนัะฐั: 0
๐ ะัะตัะตะดั ะฒะฝัััะธ schedule: 0 | ะัะฟะพะปะฝัะตััั: 0
๐ ะัะฟะพะปะฝัะตััั ะพัะฟัะฐะฒะบะฐ ะดะปั 7606207943
๐ Bottleneck: Event triggered: received from 7606207943
๐ ะัะตัะตะดั ัะตะนัะฐั: 0
๐ ะัะตัะตะดั ะฒะฝัััะธ schedule: 0 | ะัะฟะพะปะฝัะตััั: 0
๐ ะัะฟะพะปะฝัะตััั ะพัะฟัะฐะฒะบะฐ ะดะปั 7606207943
๐ Bottleneck: Event triggered: received from 7606207943
๐ ะัะตัะตะดั ัะตะนัะฐั: 0
๐ ะัะตัะตะดั ะฒะฝัััะธ schedule: 0 | ะัะฟะพะปะฝัะตััั: 0
๐ ะัะฟะพะปะฝัะตััั ะพัะฟัะฐะฒะบะฐ ะดะปั 7606207943
๐ Bottleneck: Event triggered: received from 7606207943
๐ ะัะตัะตะดั ัะตะนัะฐั: 0
๐ ะัะตัะตะดั ะฒะฝัััะธ schedule: 0 | ะัะฟะพะปะฝัะตััั: 0
๐ ะัะฟะพะปะฝัะตััั ะพัะฟัะฐะฒะบะฐ ะดะปั 7606207943
๐ ะะพะทะฒัะฐัะตะฝะธะต ะฟะพะปัะทะพะฒะฐัะตะปั: Vlad, ID: 7606207943
๐ Bottleneck: Event triggered: received from 7606207943
๐ ะัะตัะตะดั ัะตะนัะฐั: 0
๐ ะัะตัะตะดั ะฒะฝัััะธ schedule: 0 | ะัะฟะพะปะฝัะตััั: 0
๐ ะัะฟะพะปะฝัะตััั ะพัะฟัะฐะฒะบะฐ ะดะปั 7606207943
๐ Bottleneck: Event triggered: received from 7606207943
๐ ะัะตัะตะดั ัะตะนัะฐั: 0
๐ ะัะตัะตะดั ะฒะฝัััะธ schedule: 0 | ะัะฟะพะปะฝัะตััั: 0
๐ ะัะฟะพะปะฝัะตััั ะพัะฟัะฐะฒะบะฐ ะดะปั 7606207943
๐ Bottleneck: Event triggered: received from 7606207943
๐ ะัะตัะตะดั ัะตะนัะฐั: 0
๐ ะัะตัะตะดั ะฒะฝัััะธ schedule: 0 | ะัะฟะพะปะฝัะตััั: 0
๐ ะัะฟะพะปะฝัะตััั ะพัะฟัะฐะฒะบะฐ ะดะปั 7606207943
๐ Bottleneck: Event triggered: received from 7606207943
๐ ะัะตัะตะดั ัะตะนัะฐั: 0
๐ ะัะตัะตะดั ะฒะฝัััะธ schedule: 0 | ะัะฟะพะปะฝัะตััั: 0
๐ ะัะฟะพะปะฝัะตััั ะพัะฟัะฐะฒะบะฐ ะดะปั 7606207943
๐ Bottleneck: Event triggered: received from 7606207943
๐ ะัะตัะตะดั ัะตะนัะฐั: 0
๐ ะัะตัะตะดั ะฒะฝัััะธ schedule: 0 | ะัะฟะพะปะฝัะตััั: 0
๐ ะัะฟะพะปะฝัะตััั ะพัะฟัะฐะฒะบะฐ ะดะปั 7606207943
first_name: Vlad, userName: irobot_01, word: ัะพะฒ, date: 24.04.2025 18:46:46
๐ Bottleneck: Event triggered: received from 7606207943
๐ ะัะตัะตะดั ัะตะนัะฐั: 0
๐ ะัะตัะตะดั ะฒะฝัััะธ schedule: 0 | ะัะฟะพะปะฝัะตััั: 0
๐ ะัะฟะพะปะฝัะตััั ะพัะฟัะฐะฒะบะฐ ะดะปั 7606207943
๐ Bottleneck: Event triggered: received from 7606207943
๐ ะัะตัะตะดั ัะตะนัะฐั: 0
๐ ะัะตัะตะดั ะฒะฝัััะธ schedule: 0 | ะัะฟะพะปะฝัะตััั: 0
๐ ะัะฟะพะปะฝัะตััั ะพัะฟัะฐะฒะบะฐ ะดะปั 7606207943
๐ ะะพะทะฒัะฐัะตะฝะธะต ะฟะพะปัะทะพะฒะฐัะตะปั: Vlad, ID: 7606207943
๐ Bottleneck: Event triggered: received from 7606207943
๐ ะัะตัะตะดั ัะตะนัะฐั: 0
๐ ะัะตัะตะดั ะฒะฝัััะธ schedule: 0 | ะัะฟะพะปะฝัะตััั: 0
๐ ะัะฟะพะปะฝัะตััั ะพัะฟัะฐะฒะบะฐ ะดะปั 7606207943
๐ Bottleneck: Event triggered: received from 7606207943
๐ ะัะตัะตะดั ัะตะนัะฐั: 0
๐ ะัะตัะตะดั ะฒะฝัััะธ schedule: 0 | ะัะฟะพะปะฝัะตััั: 0
๐ ะัะฟะพะปะฝัะตััั ะพัะฟัะฐะฒะบะฐ ะดะปั 7606207943
๐ Bottleneck: Event triggered: received from 7606207943
๐ ะัะตัะตะดั ัะตะนัะฐั: 0
๐ ะัะตัะตะดั ะฒะฝัััะธ schedule: 0 | ะัะฟะพะปะฝัะตััั: 0
๐ ะัะฟะพะปะฝัะตััั ะพัะฟัะฐะฒะบะฐ ะดะปั 7606207943
๐ Bottleneck: Event triggered: received from 7606207943
๐ ะัะตัะตะดั ัะตะนัะฐั: 0
๐ ะัะตัะตะดั ะฒะฝัััะธ schedule: 0 | ะัะฟะพะปะฝัะตััั: 0
๐ ะัะฟะพะปะฝัะตััั ะพัะฟัะฐะฒะบะฐ ะดะปั 7606207943
๐ Bottleneck: Event triggered: received from 7606207943
๐ ะัะตัะตะดั ัะตะนัะฐั: 0
๐ ะัะตัะตะดั ะฒะฝัััะธ schedule: 0 | ะัะฟะพะปะฝัะตััั: 0
๐ ะัะฟะพะปะฝัะตััั ะพัะฟัะฐะฒะบะฐ ะดะปั 7606207943
๐ Bottleneck: Event triggered: received from 7606207943
๐ ะัะตัะตะดั ัะตะนัะฐั: 0
๐ ะัะตัะตะดั ะฒะฝัััะธ schedule: 0 | ะัะฟะพะปะฝัะตััั: 0
๐ ะัะฟะพะปะฝัะตััั ะพัะฟัะฐะฒะบะฐ ะดะปั 7606207943
๐ Bottleneck: Event triggered: received from 7606207943
๐ ะัะตัะตะดั ัะตะนัะฐั: 0
๐ ะัะตัะตะดั ะฒะฝัััะธ schedule: 0 | ะัะฟะพะปะฝัะตััั: 0
๐ ะัะฟะพะปะฝัะตััั ะพัะฟัะฐะฒะบะฐ ะดะปั 7606207943
๐ Bottleneck: Event triggered: received from 7606207943
๐ ะัะตัะตะดั ัะตะนัะฐั: 0
๐ ะัะตัะตะดั ะฒะฝัััะธ schedule: 0 | ะัะฟะพะปะฝัะตััั: 0
๐ ะัะฟะพะปะฝัะตััั ะพัะฟัะฐะฒะบะฐ ะดะปั 7606207943
๐ Bottleneck: Event triggered: received from 7606207943
๐ ะัะตัะตะดั ัะตะนัะฐั: 0
๐ ะัะตัะตะดั ะฒะฝัััะธ schedule: 0 | ะัะฟะพะปะฝัะตััั: 0
๐ ะัะฟะพะปะฝัะตััั ะพัะฟัะฐะฒะบะฐ ะดะปั 7606207943
first_name: Vlad, userName: irobot_01, word: ัะปะพะฝ, date: 24.04.2025 21:38:11
๐ Bottleneck: Event triggered: received from 7606207943
๐ ะัะตัะตะดั ัะตะนัะฐั: 0
๐ ะัะตัะตะดั ะฒะฝัััะธ schedule: 0 | ะัะฟะพะปะฝัะตััั: 0
๐ ะัะฟะพะปะฝัะตััั ะพัะฟัะฐะฒะบะฐ ะดะปั 7606207943
๐ Bottleneck: Event triggered: received from 7606207943
๐ ะัะตัะตะดั ัะตะนัะฐั: 0
๐ ะัะตัะตะดั ะฒะฝัััะธ schedule: 0 | ะัะฟะพะปะฝัะตััั: 0
๐ ะัะฟะพะปะฝัะตััั ะพัะฟัะฐะฒะบะฐ ะดะปั 7606207943
๐ Bottleneck: Event triggered: received from 7606207943
๐ ะัะตัะตะดั ัะตะนัะฐั: 0
๐ ะัะตัะตะดั ะฒะฝัััะธ schedule: 0 | ะัะฟะพะปะฝัะตััั: 0
๐ ะัะฟะพะปะฝัะตััั ะพัะฟัะฐะฒะบะฐ ะดะปั 7606207943
๐ ะะพะทะฒัะฐัะตะฝะธะต ะฟะพะปัะทะพะฒะฐัะตะปั: Vlad, ID: 7606207943
๐ Bottleneck: Event triggered: received from 7606207943
๐ ะัะตัะตะดั ัะตะนัะฐั: 0
๐ ะัะตัะตะดั ะฒะฝัััะธ schedule: 0 | ะัะฟะพะปะฝัะตััั: 0
๐ ะัะฟะพะปะฝัะตััั ะพัะฟัะฐะฒะบะฐ ะดะปั 7606207943
๐ Bottleneck: Event triggered: received from 7606207943
๐ ะัะตัะตะดั ัะตะนัะฐั: 0
๐ ะัะตัะตะดั ะฒะฝัััะธ schedule: 0 | ะัะฟะพะปะฝัะตััั: 0
๐ ะัะฟะพะปะฝัะตััั ะพัะฟัะฐะฒะบะฐ ะดะปั 7606207943
๐ Bottleneck: Event triggered: received from 7606207943
๐ ะัะตัะตะดั ัะตะนัะฐั: 0
๐ ะัะตัะตะดั ะฒะฝัััะธ schedule: 0 | ะัะฟะพะปะฝัะตััั: 0
๐ ะัะฟะพะปะฝัะตััั ะพัะฟัะฐะฒะบะฐ ะดะปั 7606207943
๐ Bottleneck: Event triggered: received from 7606207943
๐ ะัะตัะตะดั ัะตะนัะฐั: 0
๐ ะัะตัะตะดั ะฒะฝัััะธ schedule: 0 | ะัะฟะพะปะฝัะตััั: 0
๐ ะัะฟะพะปะฝัะตััั ะพัะฟัะฐะฒะบะฐ ะดะปั 7606207943
๐ Bottleneck: Event triggered: received from 7606207943
๐ ะัะตัะตะดั ัะตะนัะฐั: 0
๐ ะัะตัะตะดั ะฒะฝัััะธ schedule: 0 | ะัะฟะพะปะฝัะตััั: 0
๐ ะัะฟะพะปะฝัะตััั ะพัะฟัะฐะฒะบะฐ ะดะปั 7606207943
๐ Bottleneck: Event triggered: received from 7606207943
๐ ะัะตัะตะดั ัะตะนัะฐั: 0
๐ ะัะตัะตะดั ะฒะฝัััะธ schedule: 0 | ะัะฟะพะปะฝัะตััั: 0
๐ ะัะฟะพะปะฝัะตััั ะพัะฟัะฐะฒะบะฐ ะดะปั 7606207943
๐ ะะฐัะธัะปะตะฝะพ 1 ะปะธะผะธั 1 ะฟะพะปัะทะพะฒะฐัะตะปัะผ
๐ Bottleneck: Event triggered: received from 7606207943
๐ ะัะตัะตะดั ัะตะนัะฐั: 0
๐ ะัะตัะตะดั ะฒะฝัััะธ schedule: 0 | ะัะฟะพะปะฝัะตััั: 0
๐ ะัะฟะพะปะฝัะตััั ะพัะฟัะฐะฒะบะฐ ะดะปั 7606207943
๐ Bottleneck: Event triggered: received from 7606207943
๐ ะัะตัะตะดั ัะตะนัะฐั: 0
๐ ะัะตัะตะดั ะฒะฝัััะธ schedule: 0 | ะัะฟะพะปะฝัะตััั: 0
๐ ะัะฟะพะปะฝัะตััั ะพัะฟัะฐะฒะบะฐ ะดะปั 7606207943
๐ Bottleneck: Event triggered: received from 7606207943
๐ ะัะตัะตะดั ัะตะนัะฐั: 0
๐ ะัะตัะตะดั ะฒะฝัััะธ schedule: 0 | ะัะฟะพะปะฝัะตััั: 0
๐ ะัะฟะพะปะฝัะตััั ะพัะฟัะฐะฒะบะฐ ะดะปั 7606207943
๐ Bottleneck: Event triggered: received from 7606207943
๐ ะัะตัะตะดั ัะตะนัะฐั: 0
๐ ะัะตัะตะดั ะฒะฝัััะธ schedule: 0 | ะัะฟะพะปะฝัะตััั: 0
๐ ะัะฟะพะปะฝัะตััั ะพัะฟัะฐะฒะบะฐ ะดะปั 7606207943
๐ Bottleneck: Event triggered: received from 7606207943
๐ ะัะตัะตะดั ัะตะนัะฐั: 0
๐ ะัะตัะตะดั ะฒะฝัััะธ schedule: 0 | ะัะฟะพะปะฝัะตััั: 0
๐ ะัะฟะพะปะฝัะตััั ะพัะฟัะฐะฒะบะฐ ะดะปั 7606207943
๐ Bottleneck: Event triggered: received from 7606207943
๐ ะัะตัะตะดั ัะตะนัะฐั: 0
๐ ะัะตัะตะดั ะฒะฝัััะธ schedule: 0 | ะัะฟะพะปะฝัะตััั: 0
๐ ะัะฟะพะปะฝัะตััั ะพัะฟัะฐะฒะบะฐ ะดะปั 7606207943
๐ Bottleneck: Event triggered: received from 7606207943
๐ ะัะตัะตะดั ัะตะนัะฐั: 0
๐ ะัะตัะตะดั ะฒะฝัััะธ schedule: 0 | ะัะฟะพะปะฝัะตััั: 0
๐ ะัะฟะพะปะฝัะตััั ะพัะฟัะฐะฒะบะฐ ะดะปั 7606207943
๐ Bottleneck: Event triggered: received from 7606207943
๐ ะัะตัะตะดั ัะตะนัะฐั: 0
๐ ะัะตัะตะดั ะฒะฝัััะธ schedule: 0 | ะัะฟะพะปะฝัะตััั: 0
๐ ะัะฟะพะปะฝัะตััั ะพัะฟัะฐะฒะบะฐ ะดะปั 7606207943
๐ Bottleneck: Event triggered: received from 7606207943
๐ ะัะตัะตะดั ัะตะนัะฐั: 0
๐ ะัะตัะตะดั ะฒะฝัััะธ schedule: 0 | ะัะฟะพะปะฝัะตััั: 0
๐ ะัะฟะพะปะฝัะตััั ะพัะฟัะฐะฒะบะฐ ะดะปั 7606207943
๐ Bottleneck: Event triggered: received from 7606207943
๐ ะัะตัะตะดั ัะตะนัะฐั: 0
๐ ะัะตัะตะดั ะฒะฝัััะธ schedule: 0 | ะัะฟะพะปะฝัะตััั: 0
๐ ะัะฟะพะปะฝัะตััั ะพัะฟัะฐะฒะบะฐ ะดะปั 7606207943
๐ Bottleneck: Event triggered: received from 7606207943
๐ ะัะตัะตะดั ัะตะนัะฐั: 0
๐ ะัะตัะตะดั ะฒะฝัััะธ schedule: 0 | ะัะฟะพะปะฝัะตััั: 0
๐ ะัะฟะพะปะฝัะตััั ะพัะฟัะฐะฒะบะฐ ะดะปั 7606207943
๐ Bottleneck: Event triggered: received from 7606207943
๐ ะัะตัะตะดั ัะตะนัะฐั: 0
๐ ะัะตัะตะดั ะฒะฝัััะธ schedule: 0 | ะัะฟะพะปะฝัะตััั: 0
๐ ะัะฟะพะปะฝัะตััั ะพัะฟัะฐะฒะบะฐ ะดะปั 7606207943
๐ Bottleneck: Event triggered: received from 7606207943
๐ ะัะตัะตะดั ัะตะนัะฐั: 0
๐ ะัะตัะตะดั ะฒะฝัััะธ schedule: 0 | ะัะฟะพะปะฝัะตััั: 0
๐ ะัะฟะพะปะฝัะตััั ะพัะฟัะฐะฒะบะฐ ะดะปั 7606207943
๐ Bottleneck: Event triggered: received from 7606207943
๐ ะัะตัะตะดั ัะตะนัะฐั: 0
๐ ะัะตัะตะดั ะฒะฝัััะธ schedule: 0 | ะัะฟะพะปะฝัะตััั: 0
๐ ะัะฟะพะปะฝัะตััั ะพัะฟัะฐะฒะบะฐ ะดะปั 7606207943
๐ Bottleneck: Event triggered: received from 7606207943
๐ ะัะตัะตะดั ัะตะนัะฐั: 0
๐ ะัะตัะตะดั ะฒะฝัััะธ schedule: 0 | ะัะฟะพะปะฝัะตััั: 0
๐ ะัะฟะพะปะฝัะตััั ะพัะฟัะฐะฒะบะฐ ะดะปั 7606207943
๐ Bottleneck: Event triggered: received from 7606207943
๐ ะัะตัะตะดั ัะตะนัะฐั: 0
๐ ะัะตัะตะดั ะฒะฝัััะธ schedule: 0 | ะัะฟะพะปะฝัะตััั: 0
๐ ะัะฟะพะปะฝัะตััั ะพัะฟัะฐะฒะบะฐ ะดะปั 7606207943
๐ Bottleneck: Event triggered: received from 7606207943
๐ ะัะตัะตะดั ัะตะนัะฐั: 0
๐ ะัะตัะตะดั ะฒะฝัััะธ schedule: 0 | ะัะฟะพะปะฝัะตััั: 0
๐ ะัะฟะพะปะฝัะตััั ะพัะฟัะฐะฒะบะฐ ะดะปั 7606207943
๐ Bottleneck: Event triggered: received from 7606207943
๐ ะัะตัะตะดั ัะตะนัะฐั: 0
๐ ะัะตัะตะดั ะฒะฝัััะธ schedule: 0 | ะัะฟะพะปะฝัะตััั: 0
๐ ะัะฟะพะปะฝัะตััั ะพัะฟัะฐะฒะบะฐ ะดะปั 7606207943
๐ Bottleneck: Event triggered: received from 7606207943
๐ ะัะตัะตะดั ัะตะนัะฐั: 0
๐ ะัะตัะตะดั ะฒะฝัััะธ schedule: 0 | ะัะฟะพะปะฝัะตััั: 0
๐ ะัะฟะพะปะฝัะตััั ะพัะฟัะฐะฒะบะฐ ะดะปั 7606207943
๐ Bottleneck: Event triggered: received from 7606207943
๐ ะัะตัะตะดั ัะตะนัะฐั: 0
๐ ะัะตัะตะดั ะฒะฝัััะธ schedule: 0 | ะัะฟะพะปะฝัะตััั: 0
๐ ะัะฟะพะปะฝัะตััั ะพัะฟัะฐะฒะบะฐ ะดะปั 7606207943
๐ Bottleneck: Event triggered: received from 7606207943
๐ ะัะตัะตะดั ัะตะนัะฐั: 0
๐ ะัะตัะตะดั ะฒะฝัััะธ schedule: 0 | ะัะฟะพะปะฝัะตััั: 0
๐ ะัะฟะพะปะฝัะตััั ะพัะฟัะฐะฒะบะฐ ะดะปั 7606207943
๐ Bottleneck: Event triggered: received from 7606207943
๐ ะัะตัะตะดั ัะตะนัะฐั: 0
๐ ะัะตัะตะดั ะฒะฝัััะธ schedule: 0 | ะัะฟะพะปะฝัะตััั: 0
๐ ะัะฟะพะปะฝัะตััั ะพัะฟัะฐะฒะบะฐ ะดะปั 7606207943
๐ Bottleneck: Event triggered: received from 7606207943
๐ ะัะตัะตะดั ัะตะนัะฐั: 0
๐ ะัะตัะตะดั ะฒะฝัััะธ schedule: 0 | ะัะฟะพะปะฝัะตััั: 0
๐ ะัะฟะพะปะฝัะตััั ะพัะฟัะฐะฒะบะฐ ะดะปั 7606207943
๐ Bottleneck: Event triggered: received from 7606207943
๐ ะัะตัะตะดั ัะตะนัะฐั: 0
๐ ะัะตัะตะดั ะฒะฝัััะธ schedule: 0 | ะัะฟะพะปะฝัะตััั: 0
๐ ะัะฟะพะปะฝัะตััั ะพัะฟัะฐะฒะบะฐ ะดะปั 7606207943
๐ Bottleneck: Event triggered: received from 7606207943
๐ ะัะตัะตะดั ัะตะนัะฐั: 0
๐ ะัะตัะตะดั ะฒะฝัััะธ schedule: 0 | ะัะฟะพะปะฝัะตััั: 0
๐ ะัะฟะพะปะฝัะตััั ะพัะฟัะฐะฒะบะฐ ะดะปั 7606207943
๐ Bottleneck: Event triggered: received from 7606207943
๐ ะัะตัะตะดั ัะตะนัะฐั: 0
๐ ะัะตัะตะดั ะฒะฝัััะธ schedule: 0 | ะัะฟะพะปะฝัะตััั: 0
๐ ะัะฟะพะปะฝัะตััั ะพัะฟัะฐะฒะบะฐ ะดะปั 7606207943
๐ Bottleneck: Event triggered: received from 7606207943
๐ ะัะตัะตะดั ัะตะนัะฐั: 0
๐ ะัะตัะตะดั ะฒะฝัััะธ schedule: 0 | ะัะฟะพะปะฝัะตััั: 0
๐ ะัะฟะพะปะฝัะตััั ะพัะฟัะฐะฒะบะฐ ะดะปั 7606207943
๐ Bottleneck: Event triggered: received from 7606207943
๐ ะัะตัะตะดั ัะตะนัะฐั: 0
๐ ะัะตัะตะดั ะฒะฝัััะธ schedule: 0 | ะัะฟะพะปะฝัะตััั: 0
๐ ะัะฟะพะปะฝัะตััั ะพัะฟัะฐะฒะบะฐ ะดะปั 7606207943
๐ Bottleneck: Event triggered: received from 7606207943
๐ ะัะตัะตะดั ัะตะนัะฐั: 0
๐ ะัะตัะตะดั ะฒะฝัััะธ schedule: 0 | ะัะฟะพะปะฝัะตััั: 0
๐ ะัะฟะพะปะฝัะตััั ะพัะฟัะฐะฒะบะฐ ะดะปั 7606207943
๐ Bottleneck: Event triggered: received from 7606207943
๐ ะัะตัะตะดั ัะตะนัะฐั: 0
๐ ะัะตัะตะดั ะฒะฝัััะธ schedule: 0 | ะัะฟะพะปะฝัะตััั: 0
๐ ะัะฟะพะปะฝัะตััั ะพัะฟัะฐะฒะบะฐ ะดะปั 7606207943
๐ ะะฐัะธัะปะตะฝะพ 1 ะปะธะผะธั 0 ะฟะพะปัะทะพะฒะฐัะตะปัะผ
๐ Bottleneck: Event triggered: received from 7606207943
๐ ะัะตัะตะดั ัะตะนัะฐั: 0
๐ ะัะตัะตะดั ะฒะฝัััะธ schedule: 0 | ะัะฟะพะปะฝัะตััั: 0
๐ ะัะฟะพะปะฝัะตััั ะพัะฟัะฐะฒะบะฐ ะดะปั 7606207943
๐ Bottleneck: Event triggered: received from 7606207943
๐ ะัะตัะตะดั ัะตะนัะฐั: 0
๐ ะัะตัะตะดั ะฒะฝัััะธ schedule: 0 | ะัะฟะพะปะฝัะตััั: 0
๐ ะัะฟะพะปะฝัะตััั ะพัะฟัะฐะฒะบะฐ ะดะปั 7606207943
๐ Bottleneck: Event triggered: received from 7606207943
๐ ะัะตัะตะดั ัะตะนัะฐั: 0
๐ ะัะตัะตะดั ะฒะฝัััะธ schedule: 0 | ะัะฟะพะปะฝัะตััั: 0
๐ ะัะฟะพะปะฝัะตััั ะพัะฟัะฐะฒะบะฐ ะดะปั 7606207943
๐ Bottleneck: Event triggered: received from 7606207943
๐ ะัะตัะตะดั ัะตะนัะฐั: 0
๐ ะัะตัะตะดั ะฒะฝัััะธ schedule: 0 | ะัะฟะพะปะฝัะตััั: 0
๐ ะัะฟะพะปะฝัะตััั ะพัะฟัะฐะฒะบะฐ ะดะปั 7606207943
๐ Bottleneck: Event triggered: received from 7606207943
๐ ะัะตัะตะดั ัะตะนัะฐั: 0
๐ ะัะตัะตะดั ะฒะฝัััะธ schedule: 0 | ะัะฟะพะปะฝัะตััั: 0
๐ ะัะฟะพะปะฝัะตััั ะพัะฟัะฐะฒะบะฐ ะดะปั 7606207943
๐ Bottleneck: Event triggered: received from 7606207943
๐ ะัะตัะตะดั ัะตะนัะฐั: 0
๐ ะัะตัะตะดั ะฒะฝัััะธ schedule: 0 | ะัะฟะพะปะฝัะตััั: 0
๐ ะัะฟะพะปะฝัะตััั ะพัะฟัะฐะฒะบะฐ ะดะปั 7606207943
๐ Bottleneck: Event triggered: received from 7606207943
๐ ะัะตัะตะดั ัะตะนัะฐั: 0
๐ ะัะตัะตะดั ะฒะฝัััะธ schedule: 0 | ะัะฟะพะปะฝัะตััั: 0
๐ ะัะฟะพะปะฝัะตััั ะพัะฟัะฐะฒะบะฐ ะดะปั 7606207943
๐ Bottleneck: Event triggered: received from 7606207943
๐ ะัะตัะตะดั ัะตะนัะฐั: 0
๐ ะัะตัะตะดั ะฒะฝัััะธ schedule: 0 | ะัะฟะพะปะฝัะตััั: 0
๐ ะัะฟะพะปะฝัะตััั ะพัะฟัะฐะฒะบะฐ ะดะปั 7606207943
๐ Bottleneck: Event triggered: received from 7606207943
๐ ะัะตัะตะดั ัะตะนัะฐั: 0
๐ ะัะตัะตะดั ะฒะฝัััะธ schedule: 0 | ะัะฟะพะปะฝัะตััั: 0
๐ ะัะฟะพะปะฝัะตััั ะพัะฟัะฐะฒะบะฐ ะดะปั 7606207943
๐ Bottleneck: Event triggered: received from 7606207943
๐ ะัะตัะตะดั ัะตะนัะฐั: 0
๐ ะัะตัะตะดั ะฒะฝัััะธ schedule: 0 | ะัะฟะพะปะฝัะตััั: 0
๐ ะัะฟะพะปะฝัะตััั ะพัะฟัะฐะฒะบะฐ ะดะปั 7606207943
๐ Bottleneck: Event triggered: received from 7606207943
๐ ะัะตัะตะดั ัะตะนัะฐั: 0
๐ ะัะตัะตะดั ะฒะฝัััะธ schedule: 0 | ะัะฟะพะปะฝัะตััั: 0
๐ ะัะฟะพะปะฝัะตััั ะพัะฟัะฐะฒะบะฐ ะดะปั 7606207943
๐ Bottleneck: Event triggered: received from 7606207943
๐ ะัะตัะตะดั ัะตะนัะฐั: 0
๐ ะัะตัะตะดั ะฒะฝัััะธ schedule: 0 | ะัะฟะพะปะฝัะตััั: 0
๐ ะัะฟะพะปะฝัะตััั ะพัะฟัะฐะฒะบะฐ ะดะปั 7606207943
first_name: Vlad, userName: irobot_01, word: ัะปะพะฝ, date: 26.04.2025 08:00:20
๐ Bottleneck: Event triggered: received from 7606207943
๐ ะัะตัะตะดั ัะตะนัะฐั: 0
๐ ะัะตัะตะดั ะฒะฝัััะธ schedule: 0 | ะัะฟะพะปะฝัะตััั: 0
๐ ะัะฟะพะปะฝัะตััั ะพัะฟัะฐะฒะบะฐ ะดะปั 7606207943
๐ Bottleneck: Event triggered: received from 7606207943
๐ ะัะตัะตะดั ัะตะนัะฐั: 0
๐ ะัะตัะตะดั ะฒะฝัััะธ schedule: 0 | ะัะฟะพะปะฝัะตััั: 0
๐ ะัะฟะพะปะฝัะตััั ะพัะฟัะฐะฒะบะฐ ะดะปั 7606207943
๐ Bottleneck: Event triggered: received from 7606207943
๐ ะัะตัะตะดั ัะตะนัะฐั: 0
๐ ะัะตัะตะดั ะฒะฝัััะธ schedule: 0 | ะัะฟะพะปะฝัะตััั: 0
๐ ะัะฟะพะปะฝัะตััั ะพัะฟัะฐะฒะบะฐ ะดะปั 7606207943
๐ Bottleneck: Event triggered: received from 7606207943
๐ ะัะตัะตะดั ัะตะนัะฐั: 0
๐ ะัะตัะตะดั ะฒะฝัััะธ schedule: 0 | ะัะฟะพะปะฝัะตััั: 0
๐ ะัะฟะพะปะฝัะตััั ะพัะฟัะฐะฒะบะฐ ะดะปั 7606207943
๐ ะะฐัะธัะปะตะฝะพ 1 ะปะธะผะธั 0 ะฟะพะปัะทะพะฒะฐัะตะปัะผ
๐ Bottleneck: Event triggered: received from 7606207943
๐ ะัะตัะตะดั ัะตะนัะฐั: 0
๐ ะัะตัะตะดั ะฒะฝัััะธ schedule: 0 | ะัะฟะพะปะฝัะตััั: 0
๐ ะัะฟะพะปะฝัะตััั ะพัะฟัะฐะฒะบะฐ ะดะปั 7606207943
๐ Bottleneck: Event triggered: received from 7606207943
๐ ะัะตัะตะดั ัะตะนัะฐั: 0
๐ ะัะตัะตะดั ะฒะฝัััะธ schedule: 0 | ะัะฟะพะปะฝัะตััั: 0
๐ ะัะฟะพะปะฝัะตััั ะพัะฟัะฐะฒะบะฐ ะดะปั 7606207943
๐ Bottleneck: Event triggered: received from 7606207943
๐ ะัะตัะตะดั ัะตะนัะฐั: 0
๐ ะัะตัะตะดั ะฒะฝัััะธ schedule: 0 | ะัะฟะพะปะฝัะตััั: 0
๐ ะัะฟะพะปะฝัะตััั ะพัะฟัะฐะฒะบะฐ ะดะปั 7606207943
๐ Bottleneck: Event triggered: received from 7606207943
๐ ะัะตัะตะดั ัะตะนัะฐั: 0
๐ ะัะตัะตะดั ะฒะฝัััะธ schedule: 0 | ะัะฟะพะปะฝัะตััั: 0
๐ ะัะฟะพะปะฝัะตััั ะพัะฟัะฐะฒะบะฐ ะดะปั 7606207943
first_name: Vlad, userName: irobot_01, word: ะะพั, date: 27.04.2025 03:27:15
๐ Bottleneck: Event triggered: received from 7606207943
๐ ะัะตัะตะดั ัะตะนัะฐั: 0
๐ ะัะตัะตะดั ะฒะฝัััะธ schedule: 0 | ะัะฟะพะปะฝัะตััั: 0
๐ ะัะฟะพะปะฝัะตััั ะพัะฟัะฐะฒะบะฐ ะดะปั 7606207943
first_name: Vlad, userName: irobot_01, word: ะะปัะพะฒะฐ, date: 27.04.2025 03:27:26
๐ Bottleneck: Event triggered: received from 7606207943
๐ ะัะตัะตะดั ัะตะนัะฐั: 0
๐ ะัะตัะตะดั ะฒะฝัััะธ schedule: 0 | ะัะฟะพะปะฝัะตััั: 0
๐ ะัะฟะพะปะฝัะตััั ะพัะฟัะฐะฒะบะฐ ะดะปั 7606207943
first_name: Vlad, userName: irobot_01, word: ะะพัะพะฒะฐ, date: 27.04.2025 03:27:29
๐ Bottleneck: Event triggered: received from 7606207943
๐ ะัะตัะตะดั ัะตะนัะฐั: 0
๐ ะัะตัะตะดั ะฒะฝัััะธ schedule: 0 | ะัะฟะพะปะฝัะตััั: 0
๐ ะัะฟะพะปะฝัะตััั ะพัะฟัะฐะฒะบะฐ ะดะปั 7606207943
๐ Bottleneck: Event triggered: received from 7606207943
๐ ะัะตัะตะดั ัะตะนัะฐั: 0
๐ ะัะตัะตะดั ะฒะฝัััะธ schedule: 0 | ะัะฟะพะปะฝัะตััั: 0
๐ ะัะฟะพะปะฝัะตััั ะพัะฟัะฐะฒะบะฐ ะดะปั 7606207943
๐ Bottleneck: Event triggered: received from 7606207943
๐ ะัะตัะตะดั ัะตะนัะฐั: 0
๐ ะัะตัะตะดั ะฒะฝัััะธ schedule: 0 | ะัะฟะพะปะฝัะตััั: 0
๐ ะัะฟะพะปะฝัะตััั ะพัะฟัะฐะฒะบะฐ ะดะปั 7606207943
๐ ะะพะทะฒัะฐัะตะฝะธะต ะฟะพะปัะทะพะฒะฐัะตะปั: Vlad, ID: 7606207943
๐ Bottleneck: Event triggered: received from 7606207943
๐ ะัะตัะตะดั ัะตะนัะฐั: 0
๐ ะัะตัะตะดั ะฒะฝัััะธ schedule: 0 | ะัะฟะพะปะฝัะตััั: 0
๐ ะัะฟะพะปะฝัะตััั ะพัะฟัะฐะฒะบะฐ ะดะปั 7606207943
๐ Bottleneck: Event triggered: received from 7606207943
๐ ะัะตัะตะดั ัะตะนัะฐั: 0
๐ ะัะตัะตะดั ะฒะฝัััะธ schedule: 0 | ะัะฟะพะปะฝัะตััั: 0
๐ ะัะฟะพะปะฝัะตััั ะพัะฟัะฐะฒะบะฐ ะดะปั 7606207943
๐ Bottleneck: Event triggered: received from 7606207943
๐ ะัะตัะตะดั ัะตะนัะฐั: 0
๐ ะัะตัะตะดั ะฒะฝัััะธ schedule: 0 | ะัะฟะพะปะฝัะตััั: 0
๐ ะัะฟะพะปะฝัะตััั ะพัะฟัะฐะฒะบะฐ ะดะปั 7606207943
๐ Bottleneck: Event triggered: received from 7606207943
๐ ะัะตัะตะดั ัะตะนัะฐั: 0
๐ ะัะตัะตะดั ะฒะฝัััะธ schedule: 0 | ะัะฟะพะปะฝัะตััั: 0
๐ ะัะฟะพะปะฝัะตััั ะพัะฟัะฐะฒะบะฐ ะดะปั 7606207943
๐ Bottleneck: Event triggered: received from 7606207943
๐ ะัะตัะตะดั ัะตะนัะฐั: 0
๐ ะัะตัะตะดั ะฒะฝัััะธ schedule: 0 | ะัะฟะพะปะฝัะตััั: 0
๐ ะัะฟะพะปะฝัะตััั ะพัะฟัะฐะฒะบะฐ ะดะปั 7606207943
๐ Bottleneck: Event triggered: received from 7606207943
๐ ะัะตัะตะดั ัะตะนัะฐั: 0
๐ ะัะตัะตะดั ะฒะฝัััะธ schedule: 0 | ะัะฟะพะปะฝัะตััั: 0
๐ ะัะฟะพะปะฝัะตััั ะพัะฟัะฐะฒะบะฐ ะดะปั 7606207943
๐ Bottleneck: Event triggered: received from 7606207943
๐ ะัะตัะตะดั ัะตะนัะฐั: 0
๐ ะัะตัะตะดั ะฒะฝัััะธ schedule: 0 | ะัะฟะพะปะฝัะตััั: 0
๐ ะัะฟะพะปะฝัะตััั ะพัะฟัะฐะฒะบะฐ ะดะปั 7606207943
๐ Bottleneck: Event triggered: received from 7606207943
๐ ะัะตัะตะดั ัะตะนัะฐั: 0
๐ ะัะตัะตะดั ะฒะฝัััะธ schedule: 0 | ะัะฟะพะปะฝัะตััั: 0
๐ ะัะฟะพะปะฝัะตััั ะพัะฟัะฐะฒะบะฐ ะดะปั 7606207943
๐ Bottleneck: Event triggered: received from 7606207943
๐ ะัะตัะตะดั ัะตะนัะฐั: 0
๐ ะัะตัะตะดั ะฒะฝัััะธ schedule: 0 | ะัะฟะพะปะฝัะตััั: 0
๐ ะัะฟะพะปะฝัะตััั ะพัะฟัะฐะฒะบะฐ ะดะปั 7606207943
๐ Bottleneck: Event triggered: received from 7606207943
๐ ะัะตัะตะดั ัะตะนัะฐั: 0
๐ ะัะตัะตะดั ะฒะฝัััะธ schedule: 0 | ะัะฟะพะปะฝัะตััั: 0
๐ ะัะฟะพะปะฝัะตััั ะพัะฟัะฐะฒะบะฐ ะดะปั 7606207943
first_name: Vlad, userName: irobot_01, word: ะะตะฒััะบะฐ, date: 27.04.2025 18:41:36
๐ Bottleneck: Event triggered: received from 7606207943
๐ ะัะตัะตะดั ัะตะนัะฐั: 0
๐ ะัะตัะตะดั ะฒะฝัััะธ schedule: 0 | ะัะฟะพะปะฝัะตััั: 0
๐ ะัะฟะพะปะฝัะตััั ะพัะฟัะฐะฒะบะฐ ะดะปั 7606207943
๐ Bottleneck: Event triggered: received from 7606207943
๐ ะัะตัะตะดั ัะตะนัะฐั: 0
๐ ะัะตัะตะดั ะฒะฝัััะธ schedule: 0 | ะัะฟะพะปะฝัะตััั: 0
๐ ะัะฟะพะปะฝัะตััั ะพัะฟัะฐะฒะบะฐ ะดะปั 7606207943
๐ Bottleneck: Event triggered: received from 7606207943
๐ ะัะตัะตะดั ัะตะนัะฐั: 0
๐ ะัะตัะตะดั ะฒะฝัััะธ schedule: 0 | ะัะฟะพะปะฝัะตััั: 0
๐ ะัะฟะพะปะฝัะตััั ะพัะฟัะฐะฒะบะฐ ะดะปั 7606207943
๐ Bottleneck: Event triggered: received from 7606207943
๐ ะัะตัะตะดั ัะตะนัะฐั: 0
๐ ะัะตัะตะดั ะฒะฝัััะธ schedule: 0 | ะัะฟะพะปะฝัะตััั: 0
๐ ะัะฟะพะปะฝัะตััั ะพัะฟัะฐะฒะบะฐ ะดะปั 7606207943
first_name: Vlad, userName: irobot_01, word: ะะฒะฐััะธัะฐ, date: 27.04.2025 18:43:17
๐ Bottleneck: Event triggered: received from 7606207943
๐ ะัะตัะตะดั ัะตะนัะฐั: 0
๐ ะัะตัะตะดั ะฒะฝัััะธ schedule: 0 | ะัะฟะพะปะฝัะตััั: 0
๐ ะัะฟะพะปะฝัะตััั ะพัะฟัะฐะฒะบะฐ ะดะปั 7606207943
first_name: Vlad, userName: irobot_01, word: ะะธะปัะต, date: 27.04.2025 18:43:23
๐ Bottleneck: Event triggered: received from 7606207943
๐ ะัะตัะตะดั ัะตะนัะฐั: 0
๐ ะัะตัะตะดั ะฒะฝัััะธ schedule: 0 | ะัะฟะพะปะฝัะตััั: 0
๐ ะัะฟะพะปะฝัะตััั ะพัะฟัะฐะฒะบะฐ ะดะปั 7606207943
๐ Bottleneck: Event triggered: received from 7606207943
๐ ะัะตัะตะดั ัะตะนัะฐั: 0
๐ ะัะตัะตะดั ะฒะฝัััะธ schedule: 0 | ะัะฟะพะปะฝัะตััั: 0
๐ ะัะฟะพะปะฝัะตััั ะพัะฟัะฐะฒะบะฐ ะดะปั 7606207943
๐ Bottleneck: Event triggered: received from 7606207943
๐ ะัะตัะตะดั ัะตะนัะฐั: 0
๐ ะัะตัะตะดั ะฒะฝัััะธ schedule: 0 | ะัะฟะพะปะฝัะตััั: 0
๐ ะัะฟะพะปะฝัะตััั ะพัะฟัะฐะฒะบะฐ ะดะปั 7606207943
๐ Bottleneck: Event triggered: received from 7606207943
๐ ะัะตัะตะดั ัะตะนัะฐั: 0
๐ ะัะตัะตะดั ะฒะฝัััะธ schedule: 0 | ะัะฟะพะปะฝัะตััั: 0
๐ ะัะฟะพะปะฝัะตััั ะพัะฟัะฐะฒะบะฐ ะดะปั 7606207943
๐ Bottleneck: Event triggered: received from 7606207943
๐ ะัะตัะตะดั ัะตะนัะฐั: 0
๐ ะัะตัะตะดั ะฒะฝัััะธ schedule: 0 | ะัะฟะพะปะฝัะตััั: 0
๐ ะัะฟะพะปะฝัะตััั ะพัะฟัะฐะฒะบะฐ ะดะปั 7606207943
๐ Bottleneck: Event triggered: received from 7606207943
๐ ะัะตัะตะดั ัะตะนัะฐั: 0
๐ ะัะตัะตะดั ะฒะฝัััะธ schedule: 0 | ะัะฟะพะปะฝัะตััั: 0
๐ ะัะฟะพะปะฝัะตััั ะพัะฟัะฐะฒะบะฐ ะดะปั 7606207943
๐ ะะพะทะฒัะฐัะตะฝะธะต ะฟะพะปัะทะพะฒะฐัะตะปั: Vlad, ID: 7606207943
๐ Bottleneck: Event triggered: received from 7606207943
๐ ะัะตัะตะดั ัะตะนัะฐั: 0
๐ ะัะตัะตะดั ะฒะฝัััะธ schedule: 0 | ะัะฟะพะปะฝัะตััั: 0
๐ ะัะฟะพะปะฝัะตััั ะพัะฟัะฐะฒะบะฐ ะดะปั 7606207943
๐ Bottleneck: Event triggered: received from 7606207943
๐ ะัะตัะตะดั ัะตะนัะฐั: 0
๐ ะัะตัะตะดั ะฒะฝัััะธ schedule: 0 | ะัะฟะพะปะฝัะตััั: 0
๐ ะัะฟะพะปะฝัะตััั ะพัะฟัะฐะฒะบะฐ ะดะปั 7606207943
๐ Bottleneck: Event triggered: received from 7606207943
๐ ะัะตัะตะดั ัะตะนัะฐั: 0
๐ ะัะตัะตะดั ะฒะฝัััะธ schedule: 0 | ะัะฟะพะปะฝัะตััั: 0
๐ ะัะฟะพะปะฝัะตััั ะพัะฟัะฐะฒะบะฐ ะดะปั 7606207943
๐ Bottleneck: Event triggered: received from 7606207943
๐ ะัะตัะตะดั ัะตะนัะฐั: 0
๐ ะัะตัะตะดั ะฒะฝัััะธ schedule: 0 | ะัะฟะพะปะฝัะตััั: 0
๐ ะัะฟะพะปะฝัะตััั ะพัะฟัะฐะฒะบะฐ ะดะปั 7606207943
๐ Bottleneck: Event triggered: received from 7606207943
๐ ะัะตัะตะดั ัะตะนัะฐั: 0
๐ ะัะตัะตะดั ะฒะฝัััะธ schedule: 0 | ะัะฟะพะปะฝัะตััั: 0
๐ ะัะฟะพะปะฝัะตััั ะพัะฟัะฐะฒะบะฐ ะดะปั 7606207943
๐ Bottleneck: Event triggered: received from 7606207943
๐ ะัะตัะตะดั ัะตะนัะฐั: 0
๐ ะัะตัะตะดั ะฒะฝัััะธ schedule: 0 | ะัะฟะพะปะฝัะตััั: 0
๐ ะัะฟะพะปะฝัะตััั ะพัะฟัะฐะฒะบะฐ ะดะปั 7606207943
๐ Bottleneck: Event triggered: received from 7606207943
๐ ะัะตัะตะดั ัะตะนัะฐั: 0
๐ ะัะตัะตะดั ะฒะฝัััะธ schedule: 0 | ะัะฟะพะปะฝัะตััั: 0
๐ ะัะฟะพะปะฝัะตััั ะพัะฟัะฐะฒะบะฐ ะดะปั 7606207943
๐ Bottleneck: Event triggered: received from 7606207943
๐ ะัะตัะตะดั ัะตะนัะฐั: 0
๐ ะัะตัะตะดั ะฒะฝัััะธ schedule: 0 | ะัะฟะพะปะฝัะตััั: 0
๐ ะัะฟะพะปะฝัะตััั ะพัะฟัะฐะฒะบะฐ ะดะปั 7606207943
๐ Bottleneck: Event triggered: received from 7606207943
๐ ะัะตัะตะดั ัะตะนัะฐั: 0
๐ ะัะตัะตะดั ะฒะฝัััะธ schedule: 0 | ะัะฟะพะปะฝัะตััั: 0
๐ ะัะฟะพะปะฝัะตััั ะพัะฟัะฐะฒะบะฐ ะดะปั 7606207943
๐ Bottleneck: Event triggered: received from 7606207943
๐ ะัะตัะตะดั ัะตะนัะฐั: 0
๐ ะัะตัะตะดั ะฒะฝัััะธ schedule: 0 | ะัะฟะพะปะฝัะตััั: 0
๐ ะัะฟะพะปะฝัะตััั ะพัะฟัะฐะฒะบะฐ ะดะปั 7606207943
๐ ะะฐัะธัะปะตะฝะพ 1 ะปะธะผะธั 0 ะฟะพะปัะทะพะฒะฐัะตะปัะผ
๐ Bottleneck: Event triggered: received from 7606207943
๐ ะัะตัะตะดั ัะตะนัะฐั: 0
๐ ะัะตัะตะดั ะฒะฝัััะธ schedule: 0 | ะัะฟะพะปะฝัะตััั: 0
๐ ะัะฟะพะปะฝัะตััั ะพัะฟัะฐะฒะบะฐ ะดะปั 7606207943
๐ Bottleneck: Event triggered: received from 7606207943
๐ ะัะตัะตะดั ัะตะนัะฐั: 0
๐ ะัะตัะตะดั ะฒะฝัััะธ schedule: 0 | ะัะฟะพะปะฝัะตััั: 0
๐ ะัะฟะพะปะฝัะตััั ะพัะฟัะฐะฒะบะฐ ะดะปั 7606207943
๐ Bottleneck: Event triggered: received from 7606207943
๐ ะัะตัะตะดั ัะตะนัะฐั: 0
๐ ะัะตัะตะดั ะฒะฝัััะธ schedule: 0 | ะัะฟะพะปะฝัะตััั: 0
๐ ะัะฟะพะปะฝัะตััั ะพัะฟัะฐะฒะบะฐ ะดะปั 7606207943
๐ Bottleneck: Event triggered: received from 7606207943
๐ ะัะตัะตะดั ัะตะนัะฐั: 0
๐ ะัะตัะตะดั ะฒะฝัััะธ schedule: 0 | ะัะฟะพะปะฝัะตััั: 0
๐ ะัะฟะพะปะฝัะตััั ะพัะฟัะฐะฒะบะฐ ะดะปั 7606207943
๐ Bottleneck: Event triggered: received from 7606207943
๐ ะัะตัะตะดั ัะตะนัะฐั: 0
๐ ะัะตัะตะดั ะฒะฝัััะธ schedule: 0 | ะัะฟะพะปะฝัะตััั: 0
๐ ะัะฟะพะปะฝัะตััั ะพัะฟัะฐะฒะบะฐ ะดะปั 7606207943
๐ Bottleneck: Event triggered: received from 7606207943
๐ ะัะตัะตะดั ัะตะนัะฐั: 0
๐ ะัะตัะตะดั ะฒะฝัััะธ schedule: 0 | ะัะฟะพะปะฝัะตััั: 0
๐ ะัะฟะพะปะฝัะตััั ะพัะฟัะฐะฒะบะฐ ะดะปั 7606207943
๐ ะะฐัะธัะปะตะฝะพ 1 ะปะธะผะธั 0 ะฟะพะปัะทะพะฒะฐัะตะปัะผ
๐ Bottleneck: Event triggered: received from 7606207943
๐ ะัะตัะตะดั ัะตะนัะฐั: 0
๐ ะัะตัะตะดั ะฒะฝัััะธ schedule: 0 | ะัะฟะพะปะฝัะตััั: 0
๐ ะัะฟะพะปะฝัะตััั ะพัะฟัะฐะฒะบะฐ ะดะปั 7606207943
๐ Bottleneck: Event triggered: received from 7606207943
๐ ะัะตัะตะดั ัะตะนัะฐั: 0
๐ ะัะตัะตะดั ะฒะฝัััะธ schedule: 0 | ะัะฟะพะปะฝัะตััั: 0
๐ ะัะฟะพะปะฝัะตััั ะพัะฟัะฐะฒะบะฐ ะดะปั 7606207943
ะะฐะทะฐ ะดะฐะฝะฝัั ะฟะพะดะบะปััะตะฝะฐ
๐ ะกะปะตะดัััะตะต ะฝะฐัะธัะปะตะฝะธะต ะปะธะผะธัะพะฒ ัะตัะตะท 18 ั. 27 ะผะธะฝ. (30.04.2025, 01:05:00)
๐ Bottleneck: Event triggered: received from 7606207943
๐ ะัะตัะตะดั ัะตะนัะฐั: 0
๐ ะัะตัะตะดั ะฒะฝัััะธ schedule: 0 | ะัะฟะพะปะฝัะตััั: 0
๐ ะัะฟะพะปะฝัะตััั ะพัะฟัะฐะฒะบะฐ ะดะปั 7606207943
๐ Bottleneck: Event triggered: received from 7606207943
๐ ะัะตัะตะดั ัะตะนัะฐั: 0
๐ ะัะตัะตะดั ะฒะฝัััะธ schedule: 0 | ะัะฟะพะปะฝัะตััั: 0
๐ ะัะฟะพะปะฝัะตััั ะพัะฟัะฐะฒะบะฐ ะดะปั 7606207943
๐ Bottleneck: Event triggered: received from 5036363594
๐ ะัะตัะตะดั ัะตะนัะฐั: 0
๐ ะัะตัะตะดั ะฒะฝัััะธ schedule: 0 | ะัะฟะพะปะฝัะตััั: 0
๐ ะัะฟะพะปะฝัะตััั ะพัะฟัะฐะฒะบะฐ ะดะปั 5036363594
๐ Bottleneck: Event triggered: received from 5036363594
๐ ะัะตัะตะดั ัะตะนัะฐั: 0
๐ ะัะตัะตะดั ะฒะฝัััะธ schedule: 0 | ะัะฟะพะปะฝัะตััั: 0
๐ ะัะฟะพะปะฝัะตััั ะพัะฟัะฐะฒะบะฐ ะดะปั 5036363594
๐ Bottleneck: Event triggered: received from 743350965
๐ ะัะตัะตะดั ัะตะนัะฐั: 0
๐ ะัะตัะตะดั ะฒะฝัััะธ schedule: 0 | ะัะฟะพะปะฝัะตััั: 0
๐ ะัะฟะพะปะฝัะตััั ะพัะฟัะฐะฒะบะฐ ะดะปั 743350965
โ ะะพะฒัะน ะฟะพะปัะทะพะฒะฐัะตะปั: Oleg, ID: 743350965, Ref: null
๐ Bottleneck: Event triggered: received from 743350965
๐ ะัะตัะตะดั ัะตะนัะฐั: 0
๐ ะัะตัะตะดั ะฒะฝัััะธ schedule: 0 | ะัะฟะพะปะฝัะตััั: 0
๐ ะัะฟะพะปะฝัะตััั ะพัะฟัะฐะฒะบะฐ ะดะปั 743350965
๐ Bottleneck: Event triggered: received from 743350965
๐ ะัะตัะตะดั ัะตะนัะฐั: 0
๐ ะัะตัะตะดั ะฒะฝัััะธ schedule: 0 | ะัะฟะพะปะฝัะตััั: 0
๐ ะัะฟะพะปะฝัะตััั ะพัะฟัะฐะฒะบะฐ ะดะปั 743350965
๐ Bottleneck: Event triggered: received from 743350965
๐ ะัะตัะตะดั ัะตะนัะฐั: 0
๐ ะัะตัะตะดั ะฒะฝัััะธ schedule: 0 | ะัะฟะพะปะฝัะตััั: 0
๐ ะัะฟะพะปะฝัะตััั ะพัะฟัะฐะฒะบะฐ ะดะปั 743350965
๐ Bottleneck: Event triggered: received from 743350965
๐ ะัะตัะตะดั ัะตะนัะฐั: 0
๐ ะัะตัะตะดั ะฒะฝัััะธ schedule: 0 | ะัะฟะพะปะฝัะตััั: 0
๐ ะัะฟะพะปะฝัะตััั ะพัะฟัะฐะฒะบะฐ ะดะปั 743350965
๐ Bottleneck: Event triggered: received from 743350965
๐ ะัะตัะตะดั ัะตะนัะฐั: 0
๐ ะัะตัะตะดั ะฒะฝัััะธ schedule: 0 | ะัะฟะพะปะฝัะตััั: 0
๐ ะัะฟะพะปะฝัะตััั ะพัะฟัะฐะฒะบะฐ ะดะปั 743350965
๐ Bottleneck: Event triggered: received from 743350965
๐ ะัะตัะตะดั ัะตะนัะฐั: 0
๐ ะัะตัะตะดั ะฒะฝัััะธ schedule: 0 | ะัะฟะพะปะฝัะตััั: 0
๐ ะัะฟะพะปะฝัะตััั ะพัะฟัะฐะฒะบะฐ ะดะปั 743350965
๐ Bottleneck: Event triggered: received from 743350965
๐ ะัะตัะตะดั ัะตะนัะฐั: 0
๐ ะัะตัะตะดั ะฒะฝัััะธ schedule: 0 | ะัะฟะพะปะฝัะตััั: 0
๐ ะัะฟะพะปะฝัะตััั ะพัะฟัะฐะฒะบะฐ ะดะปั 743350965
๐ Bottleneck: Event triggered: received from 743350965
๐ ะัะตัะตะดั ัะตะนัะฐั: 0
๐ ะัะตัะตะดั ะฒะฝัััะธ schedule: 0 | ะัะฟะพะปะฝัะตััั: 0
๐ ะัะฟะพะปะฝัะตััั ะพัะฟัะฐะฒะบะฐ ะดะปั 743350965
๐ Bottleneck: Event triggered: received from 743350965
๐ ะัะตัะตะดั ัะตะนัะฐั: 0
๐ ะัะตัะตะดั ะฒะฝัััะธ schedule: 0 | ะัะฟะพะปะฝัะตััั: 0
๐ ะัะฟะพะปะฝัะตััั ะพัะฟัะฐะฒะบะฐ ะดะปั 743350965
๐ Bottleneck: Event triggered: received from 743350965
๐ ะัะตัะตะดั ัะตะนัะฐั: 0
๐ ะัะตัะตะดั ะฒะฝัััะธ schedule: 0 | ะัะฟะพะปะฝัะตััั: 0
๐ ะัะฟะพะปะฝัะตััั ะพัะฟัะฐะฒะบะฐ ะดะปั 743350965
๐ Bottleneck: Event triggered: received from 743350965
๐ ะัะตัะตะดั ัะตะนัะฐั: 0
๐ ะัะตัะตะดั ะฒะฝัััะธ schedule: 0 | ะัะฟะพะปะฝัะตััั: 0
๐ ะัะฟะพะปะฝัะตััั ะพัะฟัะฐะฒะบะฐ ะดะปั 743350965
๐ Bottleneck: Event triggered: received from 743350965
๐ ะัะตัะตะดั ัะตะนัะฐั: 0
๐ ะัะตัะตะดั ะฒะฝัััะธ schedule: 0 | ะัะฟะพะปะฝัะตััั: 0
๐ ะัะฟะพะปะฝัะตััั ะพัะฟัะฐะฒะบะฐ ะดะปั 743350965
๐ Bottleneck: Event triggered: received from 743350965
๐ ะัะตัะตะดั ัะตะนัะฐั: 0
๐ ะัะตัะตะดั ะฒะฝัััะธ schedule: 0 | ะัะฟะพะปะฝัะตััั: 0
๐ ะัะฟะพะปะฝัะตััั ะพัะฟัะฐะฒะบะฐ ะดะปั 743350965
๐ Bottleneck: Event triggered: received from 743350965
๐ ะัะตัะตะดั ัะตะนัะฐั: 0
๐ ะัะตัะตะดั ะฒะฝัััะธ schedule: 0 | ะัะฟะพะปะฝัะตััั: 0
๐ ะัะฟะพะปะฝัะตััั ะพัะฟัะฐะฒะบะฐ ะดะปั 743350965
๐ Bottleneck: Event triggered: received from 743350965
๐ ะัะตัะตะดั ัะตะนัะฐั: 0
๐ ะัะตัะตะดั ะฒะฝัััะธ schedule: 0 | ะัะฟะพะปะฝัะตััั: 0
๐ ะัะฟะพะปะฝัะตััั ะพัะฟัะฐะฒะบะฐ ะดะปั 743350965
๐ Bottleneck: Event triggered: received from 743350965
๐ ะัะตัะตะดั ัะตะนัะฐั: 0
๐ ะัะตัะตะดั ะฒะฝัััะธ schedule: 0 | ะัะฟะพะปะฝัะตััั: 0
๐ ะัะฟะพะปะฝัะตััั ะพัะฟัะฐะฒะบะฐ ะดะปั 743350965
๐ Bottleneck: Event triggered: received from 743350965
๐ ะัะตัะตะดั ัะตะนัะฐั: 0
๐ ะัะตัะตะดั ะฒะฝัััะธ schedule: 0 | ะัะฟะพะปะฝัะตััั: 0
๐ ะัะฟะพะปะฝัะตััั ะพัะฟัะฐะฒะบะฐ ะดะปั 743350965
๐ Bottleneck: Event triggered: received from 743350965
๐ ะัะตัะตะดั ัะตะนัะฐั: 0
๐ ะัะตัะตะดั ะฒะฝัััะธ schedule: 0 | ะัะฟะพะปะฝัะตััั: 0
๐ ะัะฟะพะปะฝัะตััั ะพัะฟัะฐะฒะบะฐ ะดะปั 743350965
๐ Bottleneck: Event triggered: received from 743350965
๐ ะัะตัะตะดั ัะตะนัะฐั: 0
๐ ะัะตัะตะดั ะฒะฝัััะธ schedule: 0 | ะัะฟะพะปะฝัะตััั: 0
๐ ะัะฟะพะปะฝัะตััั ะพัะฟัะฐะฒะบะฐ ะดะปั 743350965
๐ Bottleneck: Event triggered: received from 743350965
๐ ะัะตัะตะดั ัะตะนัะฐั: 0
๐ ะัะตัะตะดั ะฒะฝัััะธ schedule: 0 | ะัะฟะพะปะฝัะตััั: 0
๐ ะัะฟะพะปะฝัะตััั ะพัะฟัะฐะฒะบะฐ ะดะปั 743350965
๐ Bottleneck: Event triggered: received from 743350965
๐ ะัะตัะตะดั ัะตะนัะฐั: 0
๐ ะัะตัะตะดั ะฒะฝัััะธ schedule: 0 | ะัะฟะพะปะฝัะตััั: 0
๐ ะัะฟะพะปะฝัะตััั ะพัะฟัะฐะฒะบะฐ ะดะปั 743350965
๐ Bottleneck: Event triggered: received from 743350965
๐ ะัะตัะตะดั ัะตะนัะฐั: 0
๐ ะัะตัะตะดั ะฒะฝัััะธ schedule: 0 | ะัะฟะพะปะฝัะตััั: 0
๐ ะัะฟะพะปะฝัะตััั ะพัะฟัะฐะฒะบะฐ ะดะปั 743350965
๐ Bottleneck: Event triggered: received from 743350965
๐ ะัะตัะตะดั ัะตะนัะฐั: 0
๐ ะัะตัะตะดั ะฒะฝัััะธ schedule: 0 | ะัะฟะพะปะฝัะตััั: 0
๐ ะัะฟะพะปะฝัะตััั ะพัะฟัะฐะฒะบะฐ ะดะปั 743350965
๐ Bottleneck: Event triggered: received from 743350965
๐ ะัะตัะตะดั ัะตะนัะฐั: 0
๐ ะัะตัะตะดั ะฒะฝัััะธ schedule: 0 | ะัะฟะพะปะฝัะตััั: 0
๐ ะัะฟะพะปะฝัะตััั ะพัะฟัะฐะฒะบะฐ ะดะปั 743350965
๐ Bottleneck: Event triggered: received from 743350965
๐ ะัะตัะตะดั ัะตะนัะฐั: 0
๐ ะัะตัะตะดั ะฒะฝัััะธ schedule: 0 | ะัะฟะพะปะฝัะตััั: 0
๐ ะัะฟะพะปะฝัะตััั ะพัะฟัะฐะฒะบะฐ ะดะปั 743350965
๐ Bottleneck: Event triggered: received from 743350965
๐ ะัะตัะตะดั ัะตะนัะฐั: 0
๐ ะัะตัะตะดั ะฒะฝัััะธ schedule: 0 | ะัะฟะพะปะฝัะตััั: 0
๐ ะัะฟะพะปะฝัะตััั ะพัะฟัะฐะฒะบะฐ ะดะปั 743350965
๐ Bottleneck: Event triggered: received from 7606207943
๐ ะัะตัะตะดั ัะตะนัะฐั: 0
๐ ะัะตัะตะดั ะฒะฝัััะธ schedule: 0 | ะัะฟะพะปะฝัะตััั: 0
๐ ะัะฟะพะปะฝัะตััั ะพัะฟัะฐะฒะบะฐ ะดะปั 7606207943
๐ Bottleneck: Event triggered: received from 7606207943
๐ ะัะตัะตะดั ัะตะนัะฐั: 0
๐ ะัะตัะตะดั ะฒะฝัััะธ schedule: 0 | ะัะฟะพะปะฝัะตััั: 0
๐ ะัะฟะพะปะฝัะตััั ะพัะฟัะฐะฒะบะฐ ะดะปั 7606207943
๐ Bottleneck: Event triggered: received from 7606207943
๐ ะัะตัะตะดั ัะตะนัะฐั: 0
๐ ะัะตัะตะดั ะฒะฝัััะธ schedule: 0 | ะัะฟะพะปะฝัะตััั: 0
๐ ะัะฟะพะปะฝัะตััั ะพัะฟัะฐะฒะบะฐ ะดะปั 7606207943
๐ Bottleneck: Event triggered: received from 7606207943
๐ ะัะตัะตะดั ัะตะนัะฐั: 0
๐ ะัะตัะตะดั ะฒะฝัััะธ schedule: 0 | ะัะฟะพะปะฝัะตััั: 0
๐ ะัะฟะพะปะฝัะตััั ะพัะฟัะฐะฒะบะฐ ะดะปั 7606207943
๐ Bottleneck: Event triggered: received from 7606207943
๐ ะัะตัะตะดั ัะตะนัะฐั: 0
๐ ะัะตัะตะดั ะฒะฝัััะธ schedule: 0 | ะัะฟะพะปะฝัะตััั: 0
๐ ะัะฟะพะปะฝัะตััั ะพัะฟัะฐะฒะบะฐ ะดะปั 7606207943
๐ Bottleneck: Event triggered: received from 7606207943
๐ ะัะตัะตะดั ัะตะนัะฐั: 0
๐ ะัะตัะตะดั ะฒะฝัััะธ schedule: 0 | ะัะฟะพะปะฝัะตััั: 0
๐ ะัะฟะพะปะฝัะตััั ะพัะฟัะฐะฒะบะฐ ะดะปั 7606207943
๐ Bottleneck: Event triggered: received from 7606207943
๐ ะัะตัะตะดั ัะตะนัะฐั: 0
๐ ะัะตัะตะดั ะฒะฝัััะธ schedule: 0 | ะัะฟะพะปะฝัะตััั: 0
๐ ะัะฟะพะปะฝัะตััั ะพัะฟัะฐะฒะบะฐ ะดะปั 7606207943
๐ Bottleneck: Event triggered: received from 7606207943
๐ ะัะตัะตะดั ัะตะนัะฐั: 0
๐ ะัะตัะตะดั ะฒะฝัััะธ schedule: 0 | ะัะฟะพะปะฝัะตััั: 0
๐ ะัะฟะพะปะฝัะตััั ะพัะฟัะฐะฒะบะฐ ะดะปั 7606207943
๐ Bottleneck: Event triggered: received from 7606207943
๐ ะัะตัะตะดั ัะตะนัะฐั: 0
๐ ะัะตัะตะดั ะฒะฝัััะธ schedule: 0 | ะัะฟะพะปะฝัะตััั: 0
๐ ะัะฟะพะปะฝัะตััั ะพัะฟัะฐะฒะบะฐ ะดะปั 7606207943
๐ Bottleneck: Event triggered: received from 7606207943
๐ ะัะตัะตะดั ัะตะนัะฐั: 0
๐ ะัะตัะตะดั ะฒะฝัััะธ schedule: 0 | ะัะฟะพะปะฝัะตััั: 0
๐ ะัะฟะพะปะฝัะตััั ะพัะฟัะฐะฒะบะฐ ะดะปั 7606207943
๐ Bottleneck: Event triggered: received from 7606207943
๐ ะัะตัะตะดั ัะตะนัะฐั: 0
๐ ะัะตัะตะดั ะฒะฝัััะธ schedule: 0 | ะัะฟะพะปะฝัะตััั: 0
๐ ะัะฟะพะปะฝัะตััั ะพัะฟัะฐะฒะบะฐ ะดะปั 7606207943
๐ Bottleneck: Event triggered: received from 7606207943
๐ ะัะตัะตะดั ัะตะนัะฐั: 0
๐ ะัะตัะตะดั ะฒะฝัััะธ schedule: 0 | ะัะฟะพะปะฝัะตััั: 0
๐ ะัะฟะพะปะฝัะตััั ะพัะฟัะฐะฒะบะฐ ะดะปั 7606207943
๐ Bottleneck: Event triggered: received from 7606207943
๐ ะัะตัะตะดั ัะตะนัะฐั: 0
๐ ะัะตัะตะดั ะฒะฝัััะธ schedule: 0 | ะัะฟะพะปะฝัะตััั: 0
๐ ะัะฟะพะปะฝัะตััั ะพัะฟัะฐะฒะบะฐ ะดะปั 7606207943
๐ Bottleneck: Event triggered: received from 7606207943
๐ ะัะตัะตะดั ัะตะนัะฐั: 0
๐ ะัะตัะตะดั ะฒะฝัััะธ schedule: 0 | ะัะฟะพะปะฝัะตััั: 0
๐ ะัะฟะพะปะฝัะตััั ะพัะฟัะฐะฒะบะฐ ะดะปั 7606207943
๐ Bottleneck: Event triggered: received from 7606207943
๐ ะัะตัะตะดั ัะตะนัะฐั: 0
๐ ะัะตัะตะดั ะฒะฝัััะธ schedule: 0 | ะัะฟะพะปะฝัะตััั: 0
๐ ะัะฟะพะปะฝัะตััั ะพัะฟัะฐะฒะบะฐ ะดะปั 7606207943
๐ Bottleneck: Event triggered: received from 7606207943
๐ ะัะตัะตะดั ัะตะนัะฐั: 0
๐ ะัะตัะตะดั ะฒะฝัััะธ schedule: 0 | ะัะฟะพะปะฝัะตััั: 0
๐ ะัะฟะพะปะฝัะตััั ะพัะฟัะฐะฒะบะฐ ะดะปั 7606207943
๐ Bottleneck: Event triggered: received from 7606207943
๐ ะัะตัะตะดั ัะตะนัะฐั: 0
๐ ะัะตัะตะดั ะฒะฝัััะธ schedule: 0 | ะัะฟะพะปะฝัะตััั: 0
๐ ะัะฟะพะปะฝัะตััั ะพัะฟัะฐะฒะบะฐ ะดะปั 7606207943
๐ Bottleneck: Event triggered: received from 7606207943
๐ ะัะตัะตะดั ัะตะนัะฐั: 0
๐ ะัะตัะตะดั ะฒะฝัััะธ schedule: 0 | ะัะฟะพะปะฝัะตััั: 0
๐ ะัะฟะพะปะฝัะตััั ะพัะฟัะฐะฒะบะฐ ะดะปั 7606207943
๐ Bottleneck: Event triggered: received from 7606207943
๐ ะัะตัะตะดั ัะตะนัะฐั: 0
๐ ะัะตัะตะดั ะฒะฝัััะธ schedule: 0 | ะัะฟะพะปะฝัะตััั: 0
๐ ะัะฟะพะปะฝัะตััั ะพัะฟัะฐะฒะบะฐ ะดะปั 7606207943
๐ ะะฐัะธัะปะตะฝะพ 1 ะปะธะผะธั 0 ะฟะพะปัะทะพะฒะฐัะตะปัะผ
๐ Bottleneck: Event triggered: received from 7606207943
๐ ะัะตัะตะดั ัะตะนัะฐั: 0
๐ ะัะตัะตะดั ะฒะฝัััะธ schedule: 0 | ะัะฟะพะปะฝัะตััั: 0
๐ ะัะฟะพะปะฝัะตััั ะพัะฟัะฐะฒะบะฐ ะดะปั 7606207943
๐ Bottleneck: Event triggered: received from 7606207943
๐ ะัะตัะตะดั ัะตะนัะฐั: 0
๐ ะัะตัะตะดั ะฒะฝัััะธ schedule: 0 | ะัะฟะพะปะฝัะตััั: 0
๐ ะัะฟะพะปะฝัะตััั ะพัะฟัะฐะฒะบะฐ ะดะปั 7606207943
๐ Bottleneck: Event triggered: received from 7606207943
๐ ะัะตัะตะดั ัะตะนัะฐั: 0
๐ ะัะตัะตะดั ะฒะฝัััะธ schedule: 0 | ะัะฟะพะปะฝัะตััั: 0
๐ ะัะฟะพะปะฝัะตััั ะพัะฟัะฐะฒะบะฐ ะดะปั 7606207943
๐ Bottleneck: Event triggered: received from 7606207943
๐ ะัะตัะตะดั ัะตะนัะฐั: 0
๐ ะัะตัะตะดั ะฒะฝัััะธ schedule: 0 | ะัะฟะพะปะฝัะตััั: 0
๐ ะัะฟะพะปะฝัะตััั ะพัะฟัะฐะฒะบะฐ ะดะปั 7606207943
๐ Bottleneck: Event triggered: received from 7606207943
๐ ะัะตัะตะดั ัะตะนัะฐั: 0
๐ ะัะตัะตะดั ะฒะฝัััะธ schedule: 0 | ะัะฟะพะปะฝัะตััั: 0
๐ ะัะฟะพะปะฝัะตััั ะพัะฟัะฐะฒะบะฐ ะดะปั 7606207943
๐ Bottleneck: Event triggered: received from 7606207943
๐ ะัะตัะตะดั ัะตะนัะฐั: 0
๐ ะัะตัะตะดั ะฒะฝัััะธ schedule: 0 | ะัะฟะพะปะฝัะตััั: 0
๐ ะัะฟะพะปะฝัะตััั ะพัะฟัะฐะฒะบะฐ ะดะปั 7606207943
๐ Bottleneck: Event triggered: received from 7606207943
๐ ะัะตัะตะดั ัะตะนัะฐั: 0
๐ ะัะตัะตะดั ะฒะฝัััะธ schedule: 0 | ะัะฟะพะปะฝัะตััั: 0
๐ ะัะฟะพะปะฝัะตััั ะพัะฟัะฐะฒะบะฐ ะดะปั 7606207943
๐ Bottleneck: Event triggered: received from 7606207943
๐ ะัะตัะตะดั ัะตะนัะฐั: 0
๐ ะัะตัะตะดั ะฒะฝัััะธ schedule: 0 | ะัะฟะพะปะฝัะตััั: 0
๐ ะัะฟะพะปะฝัะตััั ะพัะฟัะฐะฒะบะฐ ะดะปั 7606207943
ะะพั ะทะฐะฟััะตะฝ
